\BOOKMARK [0][-]{chapter.1}{\376\377\000F\000u\000n\000c\000t\000i\000o\000n\000s\000\040\000a\000n\000d\000\040\000E\000x\000p\000r\000e\000s\000s\000i\000o\000n\000s}{}% 1
\BOOKMARK [1][-]{section.1.1}{\376\377\000E\000x\000p\000r\000e\000s\000s\000i\000o\000n\000s}{chapter.1}% 2
\BOOKMARK [1][-]{section.1.2}{\376\377\000E\000n\000v\000i\000r\000o\000n\000m\000e\000n\000t\000\040\000D\000i\000a\000g\000r\000a\000m\000s}{chapter.1}% 3
\BOOKMARK [1][-]{section.1.3}{\376\377\000F\000u\000n\000c\000t\000i\000o\000n\000s}{chapter.1}% 4
\BOOKMARK [1][-]{section.1.4}{\376\377\000S\000t\000a\000t\000e\000m\000e\000n\000t\000s}{chapter.1}% 5
\BOOKMARK [0][-]{chapter.2}{\376\377\000M\000o\000r\000e\000\040\000F\000u\000n\000c\000t\000i\000o\000n\000s}{}% 6
\BOOKMARK [1][-]{section.2.1}{\376\377\000F\000u\000n\000c\000t\000i\000o\000n\000s}{chapter.2}% 7
\BOOKMARK [1][-]{section.2.2}{\376\377\000L\000a\000m\000b\000d\000a\000\040\000E\000x\000p\000r\000e\000s\000s\000i\000o\000n\000s}{chapter.2}% 8
\BOOKMARK [1][-]{section.2.3}{\376\377\000L\000o\000g\000i\000c\000a\000l\000\040\000O\000p\000e\000r\000a\000t\000o\000r\000s}{chapter.2}% 9
\BOOKMARK [1][-]{section.2.4}{\376\377\000E\000r\000r\000o\000r\000s}{chapter.2}% 10
\BOOKMARK [1][-]{section.2.5}{\376\377\000R\000e\000c\000u\000r\000s\000i\000o\000n}{chapter.2}% 11
\BOOKMARK [0][-]{chapter.3}{\376\377\000S\000e\000q\000u\000e\000n\000c\000e\000s}{}% 12
\BOOKMARK [1][-]{section.3.1}{\376\377\000L\000i\000s\000t\000s\000\040\000a\000n\000d\000\040\000C\000o\000n\000t\000a\000i\000n\000e\000r\000s}{chapter.3}% 13
\BOOKMARK [1][-]{section.3.2}{\376\377\000F\000o\000r\000\040\000S\000t\000a\000t\000e\000m\000e\000n\000t\000s}{chapter.3}% 14
\BOOKMARK [1][-]{section.3.3}{\376\377\000R\000a\000n\000g\000e\000s}{chapter.3}% 15
\BOOKMARK [1][-]{section.3.4}{\376\377\000L\000i\000s\000t\000\040\000C\000o\000m\000p\000r\000e\000h\000e\000n\000s\000i\000o\000n\000s}{chapter.3}% 16
\BOOKMARK [1][-]{section.3.5}{\376\377\000S\000l\000i\000c\000i\000n\000g}{chapter.3}% 17
\BOOKMARK [1][-]{section.3.6}{\376\377\000A\000g\000g\000r\000e\000g\000a\000t\000i\000o\000n}{chapter.3}% 18
\BOOKMARK [1][-]{section.3.7}{\376\377\000S\000t\000r\000i\000n\000g\000s}{chapter.3}% 19
\BOOKMARK [1][-]{section.3.8}{\376\377\000D\000i\000c\000t\000i\000o\000n\000a\000r\000i\000e\000s}{chapter.3}% 20
\BOOKMARK [0][-]{chapter.4}{\376\377\000A\000b\000s\000t\000r\000a\000c\000t\000i\000o\000n}{}% 21
\BOOKMARK [1][-]{section.4.1}{\376\377\000D\000a\000t\000a\000\040\000A\000b\000s\000t\000r\000a\000c\000t\000i\000o\000n}{chapter.4}% 22
\BOOKMARK [0][-]{chapter.5}{\376\377\000M\000u\000t\000a\000b\000i\000l\000i\000t\000y}{}% 23
\BOOKMARK [1][-]{section.5.1}{\376\377\000O\000b\000j\000e\000c\000t\000s}{chapter.5}% 24
\BOOKMARK [1][-]{section.5.2}{\376\377\000T\000u\000p\000l\000e\000s}{chapter.5}% 25
\BOOKMARK [1][-]{section.5.3}{\376\377\000I\000d\000e\000n\000t\000i\000t\000y\000\040\000O\000p\000e\000r\000a\000t\000o\000r\000s}{chapter.5}% 26
\BOOKMARK [1][-]{section.5.4}{\376\377\000F\000i\000l\000e\000s\000,\000\040\000S\000t\000r\000i\000n\000g\000s\000,\000\040\000a\000n\000d\000\040\000L\000i\000s\000t\000s}{chapter.5}% 27
\BOOKMARK [0][-]{chapter.6}{\376\377\000I\000t\000e\000r\000a\000t\000o\000r\000s\000\040\000a\000n\000d\000\040\000G\000e\000n\000e\000r\000a\000t\000o\000r\000s}{}% 28
\BOOKMARK [1][-]{section.6.1}{\376\377\000I\000t\000e\000r\000a\000t\000o\000r\000s}{chapter.6}% 29
\BOOKMARK [1][-]{section.6.2}{\376\377\000B\000u\000i\000l\000t\000-\000I\000n\000\040\000F\000u\000n\000c\000t\000i\000o\000n\000s\000\040\000f\000o\000r\000\040\000I\000t\000e\000r\000a\000t\000i\000o\000n}{chapter.6}% 30
\BOOKMARK [1][-]{section.6.3}{\376\377\000G\000e\000n\000e\000r\000a\000t\000o\000r\000s}{chapter.6}% 31
\BOOKMARK [0][-]{chapter.7}{\376\377\000O\000b\000j\000e\000c\000t\000s}{}% 32
\BOOKMARK [1][-]{section.7.1}{\376\377\000C\000l\000a\000s\000s\000e\000s}{chapter.7}% 33
\BOOKMARK [1][-]{section.7.2}{\376\377\000I\000n\000h\000e\000r\000i\000t\000a\000n\000c\000e}{chapter.7}% 34
\BOOKMARK [1][-]{section.7.3}{\376\377\000R\000e\000p\000r\000e\000s\000e\000n\000t\000a\000t\000i\000o\000n}{chapter.7}% 35
\BOOKMARK [1][-]{section.7.4}{\376\377\000P\000o\000l\000y\000m\000o\000r\000p\000h\000i\000c\000\040\000F\000u\000n\000c\000t\000i\000o\000n\000s}{chapter.7}% 36
\BOOKMARK [1][-]{section.7.5}{\376\377\000I\000n\000t\000e\000r\000f\000a\000c\000e\000s}{chapter.7}% 37
\BOOKMARK [1][-]{section.7.6}{\376\377\000S\000p\000e\000c\000i\000a\000l\000\040\000M\000e\000t\000h\000o\000d\000\040\000N\000a\000m\000e\000s\000\040\000i\000n\000\040\000P\000y\000t\000h\000o\000n}{chapter.7}% 38
\BOOKMARK [1][-]{section.7.7}{\376\377\000G\000e\000n\000e\000r\000i\000c\000\040\000F\000u\000n\000c\000t\000i\000o\000n\000s}{chapter.7}% 39
\BOOKMARK [0][-]{chapter.8}{\376\377\000C\000o\000m\000p\000o\000s\000i\000t\000i\000o\000n}{}% 40
\BOOKMARK [1][-]{section.8.1}{\376\377\000L\000i\000n\000k\000e\000d\000\040\000L\000i\000s\000t\000s}{chapter.8}% 41
\BOOKMARK [1][-]{section.8.2}{\376\377\000T\000r\000e\000e\000s}{chapter.8}% 42
\BOOKMARK [1][-]{section.8.3}{\376\377\000M\000o\000d\000u\000l\000a\000r\000\040\000D\000e\000s\000i\000g\000n}{chapter.8}% 43
\BOOKMARK [0][-]{chapter.9}{\376\377\000E\000f\000f\000i\000c\000i\000e\000n\000c\000y}{}% 44
\BOOKMARK [1][-]{section.9.1}{\376\377\000M\000e\000m\000o\000i\000z\000a\000t\000i\000o\000n}{chapter.9}% 45
\BOOKMARK [1][-]{section.9.2}{\376\377\000E\000x\000p\000o\000n\000e\000n\000t\000i\000a\000t\000i\000o\000n}{chapter.9}% 46
\BOOKMARK [1][-]{section.9.3}{\376\377\000O\000r\000d\000e\000r\000s\000\040\000o\000f\000\040\000G\000r\000o\000w\000t\000h}{chapter.9}% 47
\BOOKMARK [1][-]{section.9.4}{\376\377\000S\000p\000a\000c\000e}{chapter.9}% 48
\BOOKMARK [0][-]{chapter.10}{\376\377\000D\000a\000t\000a\000\040\000E\000x\000a\000m\000p\000l\000e\000s}{}% 49
\BOOKMARK [1][-]{section.10.1}{\376\377\000L\000i\000s\000t\000s\000\040\000i\000n\000\040\000L\000i\000s\000t\000s\000\040\000i\000n\000\040\000E\000n\000v\000i\000r\000o\000n\000m\000e\000n\000t\000\040\000D\000i\000a\000g\000r\000a\000m\000s}{chapter.10}% 50
\BOOKMARK [1][-]{section.10.2}{\376\377\000O\000b\000j\000e\000c\000t\000s}{chapter.10}% 51
\BOOKMARK [0][-]{chapter.11}{\376\377\000S\000c\000h\000e\000m\000e}{}% 52
\BOOKMARK [1][-]{section.11.1}{\376\377\000S\000c\000h\000e\000m\000e}{chapter.11}% 53
\BOOKMARK [1][-]{section.11.2}{\376\377\000S\000c\000h\000e\000m\000e\000\040\000L\000i\000s\000t\000s}{chapter.11}% 54
\BOOKMARK [1][-]{section.11.3}{\376\377\000S\000y\000m\000b\000o\000l\000i\000c\000\040\000P\000r\000o\000g\000r\000a\000m\000m\000i\000n\000g}{chapter.11}% 55
\BOOKMARK [1][-]{section.11.4}{\376\377\000B\000u\000i\000l\000t\000-\000i\000n\000\040\000L\000i\000s\000t\000\040\000P\000r\000o\000c\000e\000s\000s\000i\000n\000g\000\040\000P\000r\000o\000c\000e\000d\000u\000r\000e\000s}{chapter.11}% 56
\BOOKMARK [0][-]{chapter.12}{\376\377\000E\000x\000c\000e\000p\000t\000i\000o\000n\000s}{}% 57
\BOOKMARK [1][-]{section.12.1}{\376\377\000R\000a\000i\000s\000e}{chapter.12}% 58
\BOOKMARK [1][-]{section.12.2}{\376\377\000T\000r\000y}{chapter.12}% 59
\BOOKMARK [0][-]{chapter.13}{\376\377\000P\000r\000o\000g\000r\000a\000m\000m\000i\000n\000g\000\040\000L\000a\000n\000g\000u\000a\000g\000e\000s}{}% 60
\BOOKMARK [1][-]{section.13.1}{\376\377\000P\000r\000o\000g\000r\000a\000m\000m\000i\000n\000g\000\040\000L\000a\000n\000g\000u\000a\000g\000e\000s}{chapter.13}% 61
\BOOKMARK [1][-]{section.13.2}{\376\377\000P\000a\000r\000s\000i\000n\000g}{chapter.13}% 62
\BOOKMARK [1][-]{section.13.3}{\376\377\000I\000n\000t\000e\000r\000p\000r\000e\000t\000e\000r\000s}{chapter.13}% 63
\BOOKMARK [0][-]{chapter.14}{\376\377\000T\000a\000i\000l\000\040\000R\000e\000c\000u\000r\000s\000i\000o\000n}{}% 64
\BOOKMARK [1][-]{section.14.1}{\376\377\000D\000y\000n\000a\000m\000i\000c\000\040\000S\000c\000o\000p\000e}{chapter.14}% 65
\BOOKMARK [1][-]{section.14.2}{\376\377\000T\000a\000i\000l\000\040\000R\000e\000c\000u\000r\000s\000i\000o\000n}{chapter.14}% 66
\BOOKMARK [1][-]{section.14.3}{\376\377\000M\000a\000c\000r\000o\000s}{chapter.14}% 67
\BOOKMARK [0][-]{chapter.15}{\376\377\000S\000Q\000L}{}% 68
\BOOKMARK [1][-]{section.15.1}{\376\377\000D\000a\000t\000a\000b\000a\000s\000e\000s}{chapter.15}% 69
\BOOKMARK [1][-]{section.15.2}{\376\377\000S\000Q\000L}{chapter.15}% 70
\BOOKMARK [1][-]{section.15.3}{\376\377\000A\000l\000i\000a\000s\000e\000s\000\040\000a\000n\000d\000\040\000D\000o\000t\000\040\000E\000x\000p\000r\000e\000s\000s\000i\000o\000n\000s}{chapter.15}% 71
\BOOKMARK [1][-]{section.15.4}{\376\377\000A\000g\000g\000r\000e\000g\000a\000t\000e\000\040\000F\000u\000n\000c\000t\000i\000o\000n\000s}{chapter.15}% 72
\BOOKMARK [1][-]{section.15.5}{\376\377\000G\000r\000o\000u\000p\000i\000n\000g\000\040\000R\000o\000w\000s}{chapter.15}% 73
