This is pdfTeX, Version 3.141592653-2.6-1.40.24 (MiKTeX 22.10) (preloaded format=pdflatex 2022.11.27)  29 NOV 2022 08:57
entering extended mode
 \write18 enabled.
 file:line:error style messages enabled.
 %&-line parsing enabled.
**c:/Users/aaron/Desktop/Meaningful_Stuff/Berkeley_HKN/fa22-cs61a-notes/cs61a-notes.tex
(c:/Users/aaron/Desktop/Meaningful_Stuff/Berkeley_HKN/fa22-cs61a-notes/cs61a-notes.tex
LaTeX2e <2022-06-01> patch level 5
L3 programming layer <2022-10-26> (C:\Users\aaron\AppData\Local\Programs\MiKTeX\tex/latex/memoir\memoir.cls
Document Class: memoir 2022/11/17 v3.7.19 configurable book, report, article document class
(C:\Users\aaron\AppData\Local\Programs\MiKTeX\tex/latex/etoolbox\etoolbox.sty
Package: etoolbox 2020/10/05 v2.5k e-TeX tools for LaTeX (JAW)
\etb@tempcnta=\count185
)
\onelineskip=\skip47
\lxvchars=\skip48
\xlvchars=\skip49
\@memcnta=\count186
\c@@memmarkcntra=\count187
 (C:\Users\aaron\AppData\Local\Programs\MiKTeX\tex/generic/iftex\iftex.sty
Package: iftex 2022/02/03 v1.0f TeX engine tests
)
\stockheight=\dimen138
\stockwidth=\dimen139
\trimtop=\skip50
\trimedge=\skip51
 (C:\Users\aaron\AppData\Local\Programs\MiKTeX\tex/latex/memoir\mem10.clo
File: mem10.clo 2022/07/29 v0.5 memoir class 10pt size option
)
\binding=\skip52
\spinemargin=\skip53
\foremargin=\skip54
\uppermargin=\skip55
\lowermargin=\skip56
\headdrop=\skip57
\normalrulethickness=\skip58
\mem@maxheadheight=\skip59
\mem@maxfootheight=\skip60
\headwidth=\skip61
\c@storedpagenumber=\count188
\memPD=\dimen140
\m@mabparskip=\skip62
\thanksmarkwidth=\skip63
\thanksmarksep=\skip64
\droptitle=\skip65
\c@book=\count189
\c@part=\count190
\c@chapter=\count191
\c@section=\count192
\c@subsection=\count193
\c@subsubsection=\count194
\c@paragraph=\count195
\c@subparagraph=\count196
\beforechapskip=\skip66
\midchapskip=\skip67
\afterchapskip=\skip68
\chapindent=\skip69
\bottomsectionskip=\skip70
\secindent=\skip71
\beforesecskip=\skip72
\aftersecskip=\skip73
\subsecindent=\skip74
\beforesubsecskip=\skip75
\aftersubsecskip=\skip76
\subsubsecindent=\skip77
\beforesubsubsecskip=\skip78
\aftersubsubsecskip=\skip79
\paraindent=\skip80
\beforeparaskip=\skip81
\afterparaskip=\skip82
\subparaindent=\skip83
\beforesubparaskip=\skip84
\aftersubparaskip=\skip85
\pfbreakskip=\skip86
\c@@ppsavesec=\count197
\c@@ppsaveapp=\count198
\ragrparindent=\dimen141
\everylistparindent=\dimen142
\parsepi=\skip87
\topsepi=\skip88
\itemsepi=\skip89
\parsepii=\skip90
\topsepii=\skip91
\topsepiii=\skip92
\itemsepii=\skip93
\itemsepiii=\skip94
\partopsepii=\skip95
\partopsepiii=\skip96
\m@msavetopsep=\skip97
\m@msavepartopsep=\skip98
\@enLab=\toks16
\abstitleskip=\skip99
\absleftindent=\skip100
\abs@leftindent=\dimen143
\absrightindent=\skip101
\absparindent=\skip102
\absparsep=\skip103
\c@vslineno=\count199
\c@poemline=\count266
\c@modulo@vs=\count267
\c@memfvsline=\count268
\vleftskip=\skip104
\vrightskip=\skip105
\stanzaskip=\skip106
\versewidth=\skip107
\vgap=\skip108
\vindent=\skip109
\vleftmargin=\dimen144
\c@verse=\count269
\c@chrsinstr=\count270
\beforepoemtitleskip=\skip110
\afterpoemtitleskip=\skip111
\c@poem=\count271
\beforePoemTitleskip=\skip112
\midPoemTitleskip=\skip113
\afterPoemTitleskip=\skip114
 (C:\Users\aaron\AppData\Local\Programs\MiKTeX\tex/latex/tools\array.sty
Package: array 2022/03/10 v2.5f Tabular extension package (FMi)
\col@sep=\dimen145
\ar@mcellbox=\box51
\extrarowheight=\dimen146
\NC@list=\toks17
\extratabsurround=\skip115
\backup@length=\skip116
\ar@cellbox=\box52
) (C:\Users\aaron\AppData\Local\Programs\MiKTeX\tex/latex/tools\dcolumn.sty
Package: dcolumn 2014/10/28 v1.06 decimal alignment package (DPC)
) (C:\Users\aaron\AppData\Local\Programs\MiKTeX\tex/latex/tools\delarray.sty
Package: delarray 2014/10/28 v1.01 array delimiter package (DPC)
) (C:\Users\aaron\AppData\Local\Programs\MiKTeX\tex/latex/tools\tabularx.sty
Package: tabularx 2020/01/15 v2.11c `tabularx' package (DPC)
\TX@col@width=\dimen147
\TX@old@table=\dimen148
\TX@old@col=\dimen149
\TX@target=\dimen150
\TX@delta=\dimen151
\TX@cols=\count272
\TX@ftn=\toks18
)
\heavyrulewidth=\dimen152
\lightrulewidth=\dimen153
\cmidrulewidth=\dimen154
\belowrulesep=\dimen155
\belowbottomsep=\dimen156
\aboverulesep=\dimen157
\abovetopsep=\dimen158
\cmidrulesep=\dimen159
\cmidrulekern=\dimen160
\defaultaddspace=\dimen161
\@cmidla=\count273
\@cmidlb=\count274
\@aboverulesep=\dimen162
\@belowrulesep=\dimen163
\@thisruleclass=\count275
\@lastruleclass=\count276
\@thisrulewidth=\dimen164
\ctableftskip=\skip117
\ctabrightskip=\skip118
\abovecolumnspenalty=\count277
\@linestogo=\count278
\@cellstogo=\count279
\@cellsincolumn=\count280
\crtok=\toks19
\@mincolumnwidth=\dimen165
\c@newflo@tctr=\count281
\mem@margin@floatbox=\box53
\@contcwidth=\skip119
\@contindw=\skip120
\abovecaptionskip=\skip121
\belowcaptionskip=\skip122
\subfloattopskip=\skip123
\subfloatcapskip=\skip124
\subfloatcaptopadj=\skip125
\subfloatbottomskip=\skip126
\subfloatlabelskip=\skip127
\subfloatcapmargin=\dimen166
\c@@contsubnum=\count282
\m@mscap@capbox=\box54
\m@mscap@fbox=\box55
\sidecapsep=\dimen167
\sidecapwidth=\dimen168
\m@m@tempdima=\dimen169
\m@mscapraise=\dimen170
\sidecapraise=\dimen171
\m@mscapmainwidth=\dimen172
\m@mscaplkern=\dimen173
\beforeepigraphskip=\skip128
\afterepigraphskip=\skip129
\epigraphwidth=\skip130
\epigraphrule=\skip131
LaTeX Info: Redefining \em on input line 7655.
LaTeX Info: Redefining \emph on input line 7663.
\tocentryskip=\skip132
\tocbaseline=\skip133
\cftparskip=\skip134
\cftbeforebookskip=\skip135
\cftbookindent=\dimen174
\cftbooknumwidth=\dimen175
\cftbeforepartskip=\skip136
\cftpartindent=\skip137
\cftpartnumwidth=\skip138
\cftbeforechapterskip=\skip139
\cftchapterindent=\skip140
\cftchapternumwidth=\skip141
\cftbeforesectionskip=\skip142
\cftsectionindent=\skip143
\cftsectionnumwidth=\skip144
\cftbeforesubsectionskip=\skip145
\cftsubsectionindent=\skip146
\cftsubsectionnumwidth=\skip147
\cftbeforesubsubsectionskip=\skip148
\cftsubsubsectionindent=\skip149
\cftsubsubsectionnumwidth=\skip150
\cftbeforeparagraphskip=\skip151
\cftparagraphindent=\skip152
\cftparagraphnumwidth=\skip153
\cftbeforesubparagraphskip=\skip154
\cftsubparagraphindent=\skip155
\cftsubparagraphnumwidth=\skip156
\prechapterprecisshift=\dimen176
\c@maxsecnumdepth=\count283
\bibindent=\dimen177
\bibitemsep=\skip157
\indexcolsep=\skip158
\indexrule=\skip159
\indexmarkstyle=\toks20
\@indexbox=\insert252
\glossarycolsep=\dimen178
\glossaryrule=\dimen179
\sideparvshift=\skip160
\sideins=\insert251
\sidebartopsep=\skip161
\sidebarhsep=\skip162
\sidebarvsep=\skip163
\sidebarwidth=\skip164
\footmarkwidth=\skip165
\footmarksep=\skip166
\footparindent=\skip167
\footinsdim=\skip168
\footinsv@r=\insert250
\@mpfootinsv@r=\insert249
\m@m@k=\count284
\m@m@h=\dimen180
\m@mipn@skip=\skip169
\sidefootins=\insert248
\sidefootadjust=\skip170
\sidefootheight=\skip171
\sidefoothsep=\skip172
\sidefootvsep=\skip173
\sidefootwidth=\skip174
\m@mdownsf=\skip175
\c@sidefootnote=\count285
\sidefootmarkwidth=\skip176
\sidefootmarksep=\skip177
\sidefootparindent=\skip178
\c@pagenote=\count286
\c@pagenoteshadow=\count287
\mem@pn@lastkern=\skip179
\every@verbatim=\toks21
\afterevery@verbatim=\toks22
\verbatim@line=\toks23
\tab@position=\count288
\verbatim@in@stream=\read2
\verbatimindent=\skip180
\verbatim@out=\write3
\bvboxsep=\skip181
\c@memfbvline=\count289
\c@bvlinectr=\count290
\bvnumlength=\skip182
\fb@frw=\dimen181
\fb@frh=\dimen182
\FrameRule=\dimen183
\FrameSep=\dimen184
\c@cp@cntr=\count291
\c@ism@mctr=\count292
\c@xsm@mctr=\count293
\c@csm@mctr=\count294
\c@ksm@mctr=\count295
\c@xksm@mctr=\count296
\c@cksm@mctr=\count297
\c@msm@mctr=\count298
\c@xmsm@mctr=\count299
\c@cmsm@mctr=\count300
\c@bsm@mctr=\count301
\c@workm@mctr=\count302
\c@sheetsequence=\count303
\c@lastsheet=\count304
\c@lastpage=\count305
 (C:\Users\aaron\AppData\Local\Programs\MiKTeX\tex/latex/textcase\textcase.sty
Package: textcase 2022/07/10 v1.03 Text only upper/lower case changing (DPC)
Package textcase Info: Defining Legacy names on input line 20.
)
\c@figure=\count306
\c@lofdepth=\count307
\cftbeforefigureskip=\skip183
\cftfigureindent=\skip184
\cftfigurenumwidth=\skip185
\c@table=\count308
\c@lotdepth=\count309
\cftbeforetableskip=\skip186
\cfttableindent=\skip187
\cfttablenumwidth=\skip188
Package abstract [2008/07/23] emulated by memoir.
Package appendix [2008/07/23] emulated by memoir.
Package booktabs [2016/05/16] emulated by memoir.
Package ccaption [2008/07/23] emulated by memoir.
Package changepage [2008/07/23] emulated by memoir.
Package chngcntr [2008/07/23] emulated by memoir.
Package chngpage [2008/07/23] emulated by memoir.
Package crop emulated by memoir.
Package enumerate [2008/07/23] emulated by memoir.
Package epigraph [2008/07/23] emulated by memoir.
Package ifmtarg [2008/07/23] emulated by memoir.
Package index [2008/07/23] emulated by memoir.
Package makeidx [2008/07/23] emulated by memoir.
Package moreverb [2008/07/23] emulated by memoir.
Package needspace [2008/07/23] emulated by memoir.
Package newfile [2008/07/23] emulated by memoir.
Package nextpage [2008/07/23] emulated by memoir.
Package pagenote [2008/07/23] emulated by memoir.
Package parskip [2008/07/23] emulated by memoir.
Package patchcmd [2008/07/23] emulated by memoir.
Package setspace [2008/07/23] emulated by memoir.
Package shortvrb [2008/07/23] emulated by memoir.
Package showidx [2008/07/23] emulated by memoir.
Package titleref [2008/07/23] emulated by memoir.
Package titling [2008/07/23] emulated by memoir.
Package tocbibind [2008/07/23] emulated by memoir.
Package tocloft [2008/07/23] emulated by memoir.
Package tocvsec2 [2008/07/23] emulated by memoir.
Package verbatim [2008/07/23] emulated by memoir.
Package verse [2008/07/23] emulated by memoir.
) (hkn.sty
Package: hkn 
 (C:\Users\aaron\AppData\Local\Programs\MiKTeX\tex/latex/microtype\microtype.sty
Package: microtype 2022/06/23 v3.0f Micro-typographical refinements (RS)
 (C:\Users\aaron\AppData\Local\Programs\MiKTeX\tex/latex/graphics\keyval.sty
Package: keyval 2022/05/29 v1.15 key=value parser (DPC)
\KV@toks@=\toks24
)
\MT@toks=\toks25
\MT@tempbox=\box56
\MT@count=\count310
LaTeX Info: Redefining \noprotrusionifhmode on input line 1045.
LaTeX Info: Redefining \leftprotrusion on input line 1046.
LaTeX Info: Redefining \rightprotrusion on input line 1056.
LaTeX Info: Redefining \textls on input line 1234.
\MT@outer@kern=\dimen185
LaTeX Info: Redefining \textmicrotypecontext on input line 1858.
\MT@listname@count=\count311
 (C:\Users\aaron\AppData\Local\Programs\MiKTeX\tex/latex/microtype\microtype-pdftex.def
File: microtype-pdftex.def 2022/06/23 v3.0f Definitions specific to pdftex (RS)
LaTeX Info: Redefining \lsstyle on input line 900.
LaTeX Info: Redefining \lslig on input line 900.
\MT@outer@space=\skip189
)
Package microtype Info: Loading configuration file microtype.cfg.
 (C:\Users\aaron\AppData\Local\Programs\MiKTeX\tex/latex/microtype\microtype.cfg
File: microtype.cfg 2022/06/23 v3.0f microtype main configuration file (RS)
)) (C:\Users\aaron\AppData\Local\Programs\MiKTeX\tex/latex/base\fontenc.sty
Package: fontenc 2021/04/29 v2.0v Standard LaTeX package
) (C:\Users\aaron\AppData\Local\Programs\MiKTeX\tex/latex/base\inputenc.sty
Package: inputenc 2021/02/14 v1.3d Input encoding file
\inpenc@prehook=\toks26
\inpenc@posthook=\toks27
) (C:\Users\aaron\AppData\Local\Programs\MiKTeX\tex/latex/pdfpages\pdfpages.sty
Package: pdfpages 2022/10/09 v0.5w Insert pages of external PDF documents (AM)
 (C:\Users\aaron\AppData\Local\Programs\MiKTeX\tex/latex/base\ifthen.sty
Package: ifthen 2022/04/13 v1.1d Standard LaTeX ifthen package (DPC)
) (C:\Users\aaron\AppData\Local\Programs\MiKTeX\tex/latex/tools\calc.sty
Package: calc 2017/05/25 v4.3 Infix arithmetic (KKT,FJ)
\calc@Acount=\count312
\calc@Bcount=\count313
\calc@Adimen=\dimen186
\calc@Bdimen=\dimen187
\calc@Askip=\skip190
\calc@Bskip=\skip191
LaTeX Info: Redefining \setlength on input line 80.
LaTeX Info: Redefining \addtolength on input line 81.
\calc@Ccount=\count314
\calc@Cskip=\skip192
) (C:\Users\aaron\AppData\Local\Programs\MiKTeX\tex/latex/eso-pic\eso-pic.sty
Package: eso-pic 2020/10/14 v3.0a eso-pic (RN)
\ESO@tempdima=\dimen188
\ESO@tempdimb=\dimen189
 (C:\Users\aaron\AppData\Local\Programs\MiKTeX\tex/latex/xcolor\xcolor.sty
Package: xcolor 2022/06/12 v2.14 LaTeX color extensions (UK)
 (C:\Users\aaron\AppData\Local\Programs\MiKTeX\tex/latex/graphics-cfg\color.cfg
File: color.cfg 2016/01/02 v1.6 sample color configuration
)
Package xcolor Info: Driver file: pdftex.def on input line 227.
 (C:\Users\aaron\AppData\Local\Programs\MiKTeX\tex/latex/graphics-def\pdftex.def
File: pdftex.def 2022/09/22 v1.2b Graphics/color driver for pdftex
) (C:\Users\aaron\AppData\Local\Programs\MiKTeX\tex/latex/graphics\mathcolor.ltx)
Package xcolor Info: Model `cmy' substituted by `cmy0' on input line 1353.
Package xcolor Info: Model `hsb' substituted by `rgb' on input line 1357.
Package xcolor Info: Model `RGB' extended on input line 1369.
Package xcolor Info: Model `HTML' substituted by `rgb' on input line 1371.
Package xcolor Info: Model `Hsb' substituted by `hsb' on input line 1372.
Package xcolor Info: Model `tHsb' substituted by `hsb' on input line 1373.
Package xcolor Info: Model `HSB' substituted by `hsb' on input line 1374.
Package xcolor Info: Model `Gray' substituted by `gray' on input line 1375.
Package xcolor Info: Model `wave' substituted by `hsb' on input line 1376.
)) (C:\Users\aaron\AppData\Local\Programs\MiKTeX\tex/latex/graphics\graphicx.sty
Package: graphicx 2021/09/16 v1.2d Enhanced LaTeX Graphics (DPC,SPQR)
 (C:\Users\aaron\AppData\Local\Programs\MiKTeX\tex/latex/graphics\graphics.sty
Package: graphics 2022/03/10 v1.4e Standard LaTeX Graphics (DPC,SPQR)
 (C:\Users\aaron\AppData\Local\Programs\MiKTeX\tex/latex/graphics\trig.sty
Package: trig 2021/08/11 v1.11 sin cos tan (DPC)
) (C:\Users\aaron\AppData\Local\Programs\MiKTeX\tex/latex/graphics-cfg\graphics.cfg
File: graphics.cfg 2016/06/04 v1.11 sample graphics configuration
)
Package graphics Info: Driver file: pdftex.def on input line 107.
)
\Gin@req@height=\dimen190
\Gin@req@width=\dimen191
)
\AM@pagewidth=\dimen192
\AM@pageheight=\dimen193
\AM@fboxrule=\dimen194
 (C:\Users\aaron\AppData\Local\Programs\MiKTeX\tex/latex/pdfpages\pppdftex.def
File: pppdftex.def 2022/10/09 v0.5w Pdfpages driver for pdfTeX (AM)
)
\pdfpages@includegraphics@status=\count315
\AM@pagebox=\box57
\AM@global@opts=\toks28
\AM@pagecnt=\count316
\AM@toc@title=\toks29
\c@AM@survey=\count317
\AM@templatesizebox=\box58
) (C:\Users\aaron\AppData\Local\Programs\MiKTeX\tex/latex/amsmath\amsmath.sty
Package: amsmath 2022/04/08 v2.17n AMS math features
\@mathmargin=\skip193

For additional information on amsmath, use the `?' option.
(C:\Users\aaron\AppData\Local\Programs\MiKTeX\tex/latex/amsmath\amstext.sty
Package: amstext 2021/08/26 v2.01 AMS text
 (C:\Users\aaron\AppData\Local\Programs\MiKTeX\tex/latex/amsmath\amsgen.sty
File: amsgen.sty 1999/11/30 v2.0 generic functions
\@emptytoks=\toks30
\ex@=\dimen195
)) (C:\Users\aaron\AppData\Local\Programs\MiKTeX\tex/latex/amsmath\amsbsy.sty
Package: amsbsy 1999/11/29 v1.2d Bold Symbols
\pmbraise@=\dimen196
) (C:\Users\aaron\AppData\Local\Programs\MiKTeX\tex/latex/amsmath\amsopn.sty
Package: amsopn 2022/04/08 v2.04 operator names
)
\inf@bad=\count318
LaTeX Info: Redefining \frac on input line 234.
\uproot@=\count319
\leftroot@=\count320
LaTeX Info: Redefining \overline on input line 399.
LaTeX Info: Redefining \colon on input line 410.
\classnum@=\count321
\DOTSCASE@=\count322
LaTeX Info: Redefining \ldots on input line 496.
LaTeX Info: Redefining \dots on input line 499.
LaTeX Info: Redefining \cdots on input line 620.
\Mathstrutbox@=\box59
\strutbox@=\box60
LaTeX Info: Redefining \big on input line 722.
LaTeX Info: Redefining \Big on input line 723.
LaTeX Info: Redefining \bigg on input line 724.
LaTeX Info: Redefining \Bigg on input line 725.
\big@size=\dimen197
LaTeX Font Info:    Redeclaring font encoding OML on input line 743.
LaTeX Font Info:    Redeclaring font encoding OMS on input line 744.
\macc@depth=\count323
LaTeX Info: Redefining \bmod on input line 905.
LaTeX Info: Redefining \pmod on input line 910.
LaTeX Info: Redefining \smash on input line 940.
LaTeX Info: Redefining \relbar on input line 970.
LaTeX Info: Redefining \Relbar on input line 971.
\c@MaxMatrixCols=\count324
\dotsspace@=\muskip16
\c@parentequation=\count325
\dspbrk@lvl=\count326
\tag@help=\toks31
\row@=\count327
\column@=\count328
\maxfields@=\count329
\andhelp@=\toks32
\eqnshift@=\dimen198
\alignsep@=\dimen199
\tagshift@=\dimen256
\tagwidth@=\dimen257
\totwidth@=\dimen258
\lineht@=\dimen259
\@envbody=\toks33
\multlinegap=\skip194
\multlinetaggap=\skip195
\mathdisplay@stack=\toks34
LaTeX Info: Redefining \[ on input line 2953.
LaTeX Info: Redefining \] on input line 2954.
) (C:\Users\aaron\AppData\Local\Programs\MiKTeX\tex/latex/amsfonts\amssymb.sty
Package: amssymb 2013/01/14 v3.01 AMS font symbols
 (C:\Users\aaron\AppData\Local\Programs\MiKTeX\tex/latex/amsfonts\amsfonts.sty
Package: amsfonts 2013/01/14 v3.01 Basic AMSFonts support
\symAMSa=\mathgroup4
\symAMSb=\mathgroup5
LaTeX Font Info:    Redeclaring math symbol \hbar on input line 98.
LaTeX Font Info:    Overwriting math alphabet `\mathfrak' in version `bold'
(Font)                  U/euf/m/n --> U/euf/b/n on input line 106.
)) (C:\Users\aaron\AppData\Local\Programs\MiKTeX\tex/latex/amscls\amsthm.sty
Package: amsthm 2020/05/29 v2.20.6
\thm@style=\toks35
\thm@bodyfont=\toks36
\thm@headfont=\toks37
\thm@notefont=\toks38
\thm@headpunct=\toks39
\thm@preskip=\skip196
\thm@postskip=\skip197
\thm@headsep=\skip198
\dth@everypar=\toks40
) (C:\Users\aaron\AppData\Local\Programs\MiKTeX\tex/latex/circuitikz\circuitikz.sty
Package: circuitikz 2022/11/12{} The CircuiTikz circuit drawing package version 1.5.5
 (C:\Users\aaron\AppData\Local\Programs\MiKTeX\tex/latex/pgf/frontendlayer\tikz.sty (C:\Users\aaron\AppData\Local\Programs\MiKTeX\tex/latex/pgf/basiclayer\pgf.sty (C:\Users\aaron\AppData\Local\Programs\MiKTeX\tex/latex/pgf/utilities\pgfrcs.sty (C:\Users\aaron\AppData\Local\Programs\MiKTeX\tex/generic/pgf/utilities\pgfutil-common.tex
\pgfutil@everybye=\toks41
\pgfutil@tempdima=\dimen260
\pgfutil@tempdimb=\dimen261
 (C:\Users\aaron\AppData\Local\Programs\MiKTeX\tex/generic/pgf/utilities\pgfutil-common-lists.tex)) (C:\Users\aaron\AppData\Local\Programs\MiKTeX\tex/generic/pgf/utilities\pgfutil-latex.def
\pgfutil@abb=\box61
) (C:\Users\aaron\AppData\Local\Programs\MiKTeX\tex/generic/pgf/utilities\pgfrcs.code.tex (C:\Users\aaron\AppData\Local\Programs\MiKTeX\tex/generic/pgf\pgf.revision.tex)
Package: pgfrcs 2021/05/15 v3.1.9a (3.1.9a)
))
Package: pgf 2021/05/15 v3.1.9a (3.1.9a)
 (C:\Users\aaron\AppData\Local\Programs\MiKTeX\tex/latex/pgf/basiclayer\pgfcore.sty (C:\Users\aaron\AppData\Local\Programs\MiKTeX\tex/latex/pgf/systemlayer\pgfsys.sty (C:\Users\aaron\AppData\Local\Programs\MiKTeX\tex/generic/pgf/systemlayer\pgfsys.code.tex
Package: pgfsys 2021/05/15 v3.1.9a (3.1.9a)
 (C:\Users\aaron\AppData\Local\Programs\MiKTeX\tex/generic/pgf/utilities\pgfkeys.code.tex
\pgfkeys@pathtoks=\toks42
\pgfkeys@temptoks=\toks43
 (C:\Users\aaron\AppData\Local\Programs\MiKTeX\tex/generic/pgf/utilities\pgfkeysfiltered.code.tex
\pgfkeys@tmptoks=\toks44
))
\pgf@x=\dimen262
\pgf@y=\dimen263
\pgf@xa=\dimen264
\pgf@ya=\dimen265
\pgf@xb=\dimen266
\pgf@yb=\dimen267
\pgf@xc=\dimen268
\pgf@yc=\dimen269
\pgf@xd=\dimen270
\pgf@yd=\dimen271
\w@pgf@writea=\write4
\r@pgf@reada=\read3
\c@pgf@counta=\count330
\c@pgf@countb=\count331
\c@pgf@countc=\count332
\c@pgf@countd=\count333
\t@pgf@toka=\toks45
\t@pgf@tokb=\toks46
\t@pgf@tokc=\toks47
\pgf@sys@id@count=\count334
 (C:\Users\aaron\AppData\Local\Programs\MiKTeX\tex/generic/pgf/systemlayer\pgf.cfg
File: pgf.cfg 2021/05/15 v3.1.9a (3.1.9a)
)
Driver file for pgf: pgfsys-pdftex.def
 (C:\Users\aaron\AppData\Local\Programs\MiKTeX\tex/generic/pgf/systemlayer\pgfsys-pdftex.def
File: pgfsys-pdftex.def 2021/05/15 v3.1.9a (3.1.9a)
 (C:\Users\aaron\AppData\Local\Programs\MiKTeX\tex/generic/pgf/systemlayer\pgfsys-common-pdf.def
File: pgfsys-common-pdf.def 2021/05/15 v3.1.9a (3.1.9a)
))) (C:\Users\aaron\AppData\Local\Programs\MiKTeX\tex/generic/pgf/systemlayer\pgfsyssoftpath.code.tex
File: pgfsyssoftpath.code.tex 2021/05/15 v3.1.9a (3.1.9a)
\pgfsyssoftpath@smallbuffer@items=\count335
\pgfsyssoftpath@bigbuffer@items=\count336
) (C:\Users\aaron\AppData\Local\Programs\MiKTeX\tex/generic/pgf/systemlayer\pgfsysprotocol.code.tex
File: pgfsysprotocol.code.tex 2021/05/15 v3.1.9a (3.1.9a)
)) (C:\Users\aaron\AppData\Local\Programs\MiKTeX\tex/generic/pgf/basiclayer\pgfcore.code.tex
Package: pgfcore 2021/05/15 v3.1.9a (3.1.9a)
 (C:\Users\aaron\AppData\Local\Programs\MiKTeX\tex/generic/pgf/math\pgfmath.code.tex (C:\Users\aaron\AppData\Local\Programs\MiKTeX\tex/generic/pgf/math\pgfmathcalc.code.tex (C:\Users\aaron\AppData\Local\Programs\MiKTeX\tex/generic/pgf/math\pgfmathutil.code.tex) (C:\Users\aaron\AppData\Local\Programs\MiKTeX\tex/generic/pgf/math\pgfmathparser.code.tex
\pgfmath@dimen=\dimen272
\pgfmath@count=\count337
\pgfmath@box=\box62
\pgfmath@toks=\toks48
\pgfmath@stack@operand=\toks49
\pgfmath@stack@operation=\toks50
) (C:\Users\aaron\AppData\Local\Programs\MiKTeX\tex/generic/pgf/math\pgfmathfunctions.code.tex (C:\Users\aaron\AppData\Local\Programs\MiKTeX\tex/generic/pgf/math\pgfmathfunctions.basic.code.tex) (C:\Users\aaron\AppData\Local\Programs\MiKTeX\tex/generic/pgf/math\pgfmathfunctions.trigonometric.code.tex) (C:\Users\aaron\AppData\Local\Programs\MiKTeX\tex/generic/pgf/math\pgfmathfunctions.random.code.tex) (C:\Users\aaron\AppData\Local\Programs\MiKTeX\tex/generic/pgf/math\pgfmathfunctions.comparison.code.tex) (C:\Users\aaron\AppData\Local\Programs\MiKTeX\tex/generic/pgf/math\pgfmathfunctions.base.code.tex) (C:\Users\aaron\AppData\Local\Programs\MiKTeX\tex/generic/pgf/math\pgfmathfunctions.round.code.tex) (C:\Users\aaron\AppData\Local\Programs\MiKTeX\tex/generic/pgf/math\pgfmathfunctions.misc.code.tex) (C:\Users\aaron\AppData\Local\Programs\MiKTeX\tex/generic/pgf/math\pgfmathfunctions.integerarithmetics.code.tex))) (C:\Users\aaron\AppData\Local\Programs\MiKTeX\tex/generic/pgf/math\pgfmathfloat.code.tex
\c@pgfmathroundto@lastzeros=\count338
)) (C:\Users\aaron\AppData\Local\Programs\MiKTeX\tex/generic/pgf/math\pgfint.code.tex) (C:\Users\aaron\AppData\Local\Programs\MiKTeX\tex/generic/pgf/basiclayer\pgfcorepoints.code.tex
File: pgfcorepoints.code.tex 2021/05/15 v3.1.9a (3.1.9a)
\pgf@picminx=\dimen273
\pgf@picmaxx=\dimen274
\pgf@picminy=\dimen275
\pgf@picmaxy=\dimen276
\pgf@pathminx=\dimen277
\pgf@pathmaxx=\dimen278
\pgf@pathminy=\dimen279
\pgf@pathmaxy=\dimen280
\pgf@xx=\dimen281
\pgf@xy=\dimen282
\pgf@yx=\dimen283
\pgf@yy=\dimen284
\pgf@zx=\dimen285
\pgf@zy=\dimen286
) (C:\Users\aaron\AppData\Local\Programs\MiKTeX\tex/generic/pgf/basiclayer\pgfcorepathconstruct.code.tex
File: pgfcorepathconstruct.code.tex 2021/05/15 v3.1.9a (3.1.9a)
\pgf@path@lastx=\dimen287
\pgf@path@lasty=\dimen288
) (C:\Users\aaron\AppData\Local\Programs\MiKTeX\tex/generic/pgf/basiclayer\pgfcorepathusage.code.tex
File: pgfcorepathusage.code.tex 2021/05/15 v3.1.9a (3.1.9a)
\pgf@shorten@end@additional=\dimen289
\pgf@shorten@start@additional=\dimen290
) (C:\Users\aaron\AppData\Local\Programs\MiKTeX\tex/generic/pgf/basiclayer\pgfcorescopes.code.tex
File: pgfcorescopes.code.tex 2021/05/15 v3.1.9a (3.1.9a)
\pgfpic=\box63
\pgf@hbox=\box64
\pgf@layerbox@main=\box65
\pgf@picture@serial@count=\count339
) (C:\Users\aaron\AppData\Local\Programs\MiKTeX\tex/generic/pgf/basiclayer\pgfcoregraphicstate.code.tex
File: pgfcoregraphicstate.code.tex 2021/05/15 v3.1.9a (3.1.9a)
\pgflinewidth=\dimen291
) (C:\Users\aaron\AppData\Local\Programs\MiKTeX\tex/generic/pgf/basiclayer\pgfcoretransformations.code.tex
File: pgfcoretransformations.code.tex 2021/05/15 v3.1.9a (3.1.9a)
\pgf@pt@x=\dimen292
\pgf@pt@y=\dimen293
\pgf@pt@temp=\dimen294
) (C:\Users\aaron\AppData\Local\Programs\MiKTeX\tex/generic/pgf/basiclayer\pgfcorequick.code.tex
File: pgfcorequick.code.tex 2021/05/15 v3.1.9a (3.1.9a)
) (C:\Users\aaron\AppData\Local\Programs\MiKTeX\tex/generic/pgf/basiclayer\pgfcoreobjects.code.tex
File: pgfcoreobjects.code.tex 2021/05/15 v3.1.9a (3.1.9a)
) (C:\Users\aaron\AppData\Local\Programs\MiKTeX\tex/generic/pgf/basiclayer\pgfcorepathprocessing.code.tex
File: pgfcorepathprocessing.code.tex 2021/05/15 v3.1.9a (3.1.9a)
) (C:\Users\aaron\AppData\Local\Programs\MiKTeX\tex/generic/pgf/basiclayer\pgfcorearrows.code.tex
File: pgfcorearrows.code.tex 2021/05/15 v3.1.9a (3.1.9a)
\pgfarrowsep=\dimen295
) (C:\Users\aaron\AppData\Local\Programs\MiKTeX\tex/generic/pgf/basiclayer\pgfcoreshade.code.tex
File: pgfcoreshade.code.tex 2021/05/15 v3.1.9a (3.1.9a)
\pgf@max=\dimen296
\pgf@sys@shading@range@num=\count340
\pgf@shadingcount=\count341
) (C:\Users\aaron\AppData\Local\Programs\MiKTeX\tex/generic/pgf/basiclayer\pgfcoreimage.code.tex
File: pgfcoreimage.code.tex 2021/05/15 v3.1.9a (3.1.9a)
 (C:\Users\aaron\AppData\Local\Programs\MiKTeX\tex/generic/pgf/basiclayer\pgfcoreexternal.code.tex
File: pgfcoreexternal.code.tex 2021/05/15 v3.1.9a (3.1.9a)
\pgfexternal@startupbox=\box66
)) (C:\Users\aaron\AppData\Local\Programs\MiKTeX\tex/generic/pgf/basiclayer\pgfcorelayers.code.tex
File: pgfcorelayers.code.tex 2021/05/15 v3.1.9a (3.1.9a)
) (C:\Users\aaron\AppData\Local\Programs\MiKTeX\tex/generic/pgf/basiclayer\pgfcoretransparency.code.tex
File: pgfcoretransparency.code.tex 2021/05/15 v3.1.9a (3.1.9a)
) (C:\Users\aaron\AppData\Local\Programs\MiKTeX\tex/generic/pgf/basiclayer\pgfcorepatterns.code.tex
File: pgfcorepatterns.code.tex 2021/05/15 v3.1.9a (3.1.9a)
) (C:\Users\aaron\AppData\Local\Programs\MiKTeX\tex/generic/pgf/basiclayer\pgfcorerdf.code.tex
File: pgfcorerdf.code.tex 2021/05/15 v3.1.9a (3.1.9a)
))) (C:\Users\aaron\AppData\Local\Programs\MiKTeX\tex/generic/pgf/modules\pgfmoduleshapes.code.tex
File: pgfmoduleshapes.code.tex 2021/05/15 v3.1.9a (3.1.9a)
\pgfnodeparttextbox=\box67
) (C:\Users\aaron\AppData\Local\Programs\MiKTeX\tex/generic/pgf/modules\pgfmoduleplot.code.tex
File: pgfmoduleplot.code.tex 2021/05/15 v3.1.9a (3.1.9a)
) (C:\Users\aaron\AppData\Local\Programs\MiKTeX\tex/latex/pgf/compatibility\pgfcomp-version-0-65.sty
Package: pgfcomp-version-0-65 2021/05/15 v3.1.9a (3.1.9a)
\pgf@nodesepstart=\dimen297
\pgf@nodesepend=\dimen298
) (C:\Users\aaron\AppData\Local\Programs\MiKTeX\tex/latex/pgf/compatibility\pgfcomp-version-1-18.sty
Package: pgfcomp-version-1-18 2021/05/15 v3.1.9a (3.1.9a)
)) (C:\Users\aaron\AppData\Local\Programs\MiKTeX\tex/latex/pgf/utilities\pgffor.sty (C:\Users\aaron\AppData\Local\Programs\MiKTeX\tex/latex/pgf/utilities\pgfkeys.sty (C:\Users\aaron\AppData\Local\Programs\MiKTeX\tex/generic/pgf/utilities\pgfkeys.code.tex)) (C:\Users\aaron\AppData\Local\Programs\MiKTeX\tex/latex/pgf/math\pgfmath.sty (C:\Users\aaron\AppData\Local\Programs\MiKTeX\tex/generic/pgf/math\pgfmath.code.tex)) (C:\Users\aaron\AppData\Local\Programs\MiKTeX\tex/generic/pgf/utilities\pgffor.code.tex
Package: pgffor 2021/05/15 v3.1.9a (3.1.9a)
 (C:\Users\aaron\AppData\Local\Programs\MiKTeX\tex/generic/pgf/math\pgfmath.code.tex)
\pgffor@iter=\dimen299
\pgffor@skip=\dimen300
\pgffor@stack=\toks51
\pgffor@toks=\toks52
)) (C:\Users\aaron\AppData\Local\Programs\MiKTeX\tex/generic/pgf/frontendlayer/tikz\tikz.code.tex
Package: tikz 2021/05/15 v3.1.9a (3.1.9a)
 (C:\Users\aaron\AppData\Local\Programs\MiKTeX\tex/generic/pgf/libraries\pgflibraryplothandlers.code.tex
File: pgflibraryplothandlers.code.tex 2021/05/15 v3.1.9a (3.1.9a)
\pgf@plot@mark@count=\count342
\pgfplotmarksize=\dimen301
)
\tikz@lastx=\dimen302
\tikz@lasty=\dimen303
\tikz@lastxsaved=\dimen304
\tikz@lastysaved=\dimen305
\tikz@lastmovetox=\dimen306
\tikz@lastmovetoy=\dimen307
\tikzleveldistance=\dimen308
\tikzsiblingdistance=\dimen309
\tikz@figbox=\box68
\tikz@figbox@bg=\box69
\tikz@tempbox=\box70
\tikz@tempbox@bg=\box71
\tikztreelevel=\count343
\tikznumberofchildren=\count344
\tikznumberofcurrentchild=\count345
\tikz@fig@count=\count346
 (C:\Users\aaron\AppData\Local\Programs\MiKTeX\tex/generic/pgf/modules\pgfmodulematrix.code.tex
File: pgfmodulematrix.code.tex 2021/05/15 v3.1.9a (3.1.9a)
\pgfmatrixcurrentrow=\count347
\pgfmatrixcurrentcolumn=\count348
\pgf@matrix@numberofcolumns=\count349
)
\tikz@expandcount=\count350
 (C:\Users\aaron\AppData\Local\Programs\MiKTeX\tex/generic/pgf/frontendlayer/tikz/libraries\tikzlibrarytopaths.code.tex
File: tikzlibrarytopaths.code.tex 2021/05/15 v3.1.9a (3.1.9a)
))) (C:\Users\aaron\AppData\Local\Programs\MiKTeX\tex/generic/pgf/frontendlayer/tikz/libraries\tikzlibrarycalc.code.tex
File: tikzlibrarycalc.code.tex 2021/05/15 v3.1.9a (3.1.9a)
) (C:\Users\aaron\AppData\Local\Programs\MiKTeX\tex/generic/pgf/libraries\pgflibraryarrows.meta.code.tex
File: pgflibraryarrows.meta.code.tex 2021/05/15 v3.1.9a (3.1.9a)
\pgfarrowinset=\dimen310
\pgfarrowlength=\dimen311
\pgfarrowwidth=\dimen312
\pgfarrowlinewidth=\dimen313
) (C:\Users\aaron\AppData\Local\Programs\MiKTeX\tex/generic/pgf/frontendlayer/tikz/libraries\tikzlibrarybending.code.tex
File: tikzlibrarybending.code.tex 2021/05/15 v3.1.9a (3.1.9a)
 (C:\Users\aaron\AppData\Local\Programs\MiKTeX\tex/generic/pgf/modules\pgfmodulebending.code.tex
File: pgfmodulebending.code.tex 2021/05/15 v3.1.9a (3.1.9a)
 (C:\Users\aaron\AppData\Local\Programs\MiKTeX\tex/generic/pgf/modules\pgfmodulenonlineartransformations.code.tex
File: pgfmodulenonlineartransformations.code.tex 2021/05/15 v3.1.9a (3.1.9a)
\pgftransformnonlinearflatness=\dimen314
) (C:\Users\aaron\AppData\Local\Programs\MiKTeX\tex/generic/pgf/libraries\pgflibrarycurvilinear.code.tex
File: pgflibrarycurvilinear.code.tex 2021/05/15 v3.1.9a (3.1.9a)
\pgf@curvilinear@time@a=\dimen315
\pgf@curvilinear@length@a=\dimen316
\pgf@curvilinear@length@b=\dimen317
\pgf@curvilinear@length@c=\dimen318
\pgf@curvilinear@length@d=\dimen319
)
\pgf@arrows@the@rigidity=\dimen320
)) (C:\Users\aaron\AppData\Local\Programs\MiKTeX\tex/generic/pgf/frontendlayer/tikz/libraries\tikzlibraryfpu.code.tex (C:\Users\aaron\AppData\Local\Programs\MiKTeX\tex/generic/pgf/libraries\pgflibraryfpu.code.tex)) (C:\Users\aaron\AppData\Local\Programs\MiKTeX\tex/generic/circuitikz\pgfcirc.defines.tex
\pgf@circ@count@a=\count351
\pgf@circ@count@b=\count352
\pgf@circ@count@c=\count353
\pgf@circ@res@up=\dimen321
\pgf@circ@res@down=\dimen322
\pgf@circ@res@zero=\dimen323
\pgf@circ@res@left=\dimen324
\pgf@circ@res@right=\dimen325
\pgf@circ@res@other=\dimen326
\pgf@circ@res@step=\dimen327
\pgf@circ@res@temp=\dimen328
\pgf@circ@Rlen=\dimen329
\pgf@circ@scaled@Rlen=\dimen330
\pgfstartlinewidth=\dimen331
) (C:\Users\aaron\AppData\Local\Programs\MiKTeX\tex/generic/circuitikz\pgfcircutils.tex
\ctikz@scratchbox=\box72
) (C:\Users\aaron\AppData\Local\Programs\MiKTeX\tex/generic/circuitikz\pgfcircpath.tex) (C:\Users\aaron\AppData\Local\Programs\MiKTeX\tex/generic/circuitikz\pgfcircshapes.tex) (C:\Users\aaron\AppData\Local\Programs\MiKTeX\tex/generic/circuitikz\pgfcircmonopoles.tex) (C:\Users\aaron\AppData\Local\Programs\MiKTeX\tex/generic/circuitikz\pgfcircbipoles.tex) (C:\Users\aaron\AppData\Local\Programs\MiKTeX\tex/generic/circuitikz\pgfcirctripoles.tex
\pgf@circ@res@count=\count354
) (C:\Users\aaron\AppData\Local\Programs\MiKTeX\tex/generic/circuitikz\pgfcircquadpoles.tex) (C:\Users\aaron\AppData\Local\Programs\MiKTeX\tex/generic/circuitikz\pgfcircmultipoles.tex) (C:\Users\aaron\AppData\Local\Programs\MiKTeX\tex/generic/circuitikz\pgfcirclabel.tex) (C:\Users\aaron\AppData\Local\Programs\MiKTeX\tex/generic/circuitikz\pgfcircvoltage.tex
\pgfcirc@labelshift=\dimen332
) (C:\Users\aaron\AppData\Local\Programs\MiKTeX\tex/generic/circuitikz\pgfcirccurrent.tex) (C:\Users\aaron\AppData\Local\Programs\MiKTeX\tex/generic/circuitikz\pgfcircflow.tex)) (C:\Users\aaron\AppData\Local\Programs\MiKTeX\tex/latex/float\float.sty
Package: float 2001/11/08 v1.3d Float enhancements (AL)
\c@float@type=\count355
\float@exts=\toks53
\float@box=\box73
\@float@everytoks=\toks54
\@floatcapt=\box74
) (C:\Users\aaron\AppData\Local\Programs\MiKTeX\tex/latex/framed\framed.sty
Package: framed 2011/10/22 v 0.96: framed or shaded text with page breaks
\OuterFrameSep=\skip199
\fb@frw=\dimen333
\fb@frh=\dimen334
) (C:\Users\aaron\AppData\Local\Programs\MiKTeX\tex/latex/hyperref\hyperref.sty
Package: hyperref 2022-09-22 v7.00t Hypertext links for LaTeX
 (C:\Users\aaron\AppData\Local\Programs\MiKTeX\tex/generic/ltxcmds\ltxcmds.sty
Package: ltxcmds 2020-05-10 v1.25 LaTeX kernel commands for general use (HO)
) (C:\Users\aaron\AppData\Local\Programs\MiKTeX\tex/generic/pdftexcmds\pdftexcmds.sty
Package: pdftexcmds 2020-06-27 v0.33 Utility functions of pdfTeX for LuaTeX (HO)
 (C:\Users\aaron\AppData\Local\Programs\MiKTeX\tex/generic/infwarerr\infwarerr.sty
Package: infwarerr 2019/12/03 v1.5 Providing info/warning/error messages (HO)
)
Package pdftexcmds Info: \pdf@primitive is available.
Package pdftexcmds Info: \pdf@ifprimitive is available.
Package pdftexcmds Info: \pdfdraftmode found.
) (C:\Users\aaron\AppData\Local\Programs\MiKTeX\tex/latex/kvsetkeys\kvsetkeys.sty
Package: kvsetkeys 2022-10-05 v1.19 Key value parser (HO)
) (C:\Users\aaron\AppData\Local\Programs\MiKTeX\tex/generic/kvdefinekeys\kvdefinekeys.sty
Package: kvdefinekeys 2019-12-19 v1.6 Define keys (HO)
) (C:\Users\aaron\AppData\Local\Programs\MiKTeX\tex/generic/pdfescape\pdfescape.sty
Package: pdfescape 2019/12/09 v1.15 Implements pdfTeX's escape features (HO)
) (C:\Users\aaron\AppData\Local\Programs\MiKTeX\tex/latex/hycolor\hycolor.sty
Package: hycolor 2020-01-27 v1.10 Color options for hyperref/bookmark (HO)
) (C:\Users\aaron\AppData\Local\Programs\MiKTeX\tex/latex/letltxmacro\letltxmacro.sty
Package: letltxmacro 2019/12/03 v1.6 Let assignment for LaTeX macros (HO)
) (C:\Users\aaron\AppData\Local\Programs\MiKTeX\tex/latex/auxhook\auxhook.sty
Package: auxhook 2019-12-17 v1.6 Hooks for auxiliary files (HO)
) (C:\Users\aaron\AppData\Local\Programs\MiKTeX\tex/latex/hyperref\nameref.sty
Package: nameref 2022-05-17 v2.50 Cross-referencing by name of section

(C:\Users\aaron\AppData\Local\Programs\MiKTeX\tex/latex/refcount\refcount.sty
Package: refcount 2019/12/15 v3.6 Data extraction from label references (HO)
) (C:\Users\aaron\AppData\Local\Programs\MiKTeX\tex/generic/gettitlestring\gettitlestring.sty
Package: gettitlestring 2019/12/15 v1.6 Cleanup title references (HO)
 (C:\Users\aaron\AppData\Local\Programs\MiKTeX\tex/latex/kvoptions\kvoptions.sty
Package: kvoptions 2022-06-15 v3.15 Key value format for package options (HO)
))
\c@section@level=\count356
)
\@linkdim=\dimen335
\Hy@linkcounter=\count357
\Hy@pagecounter=\count358
 (C:\Users\aaron\AppData\Local\Programs\MiKTeX\tex/latex/hyperref\pd1enc.def
File: pd1enc.def 2022-09-22 v7.00t Hyperref: PDFDocEncoding definition (HO)
Now handling font encoding PD1 ...
... no UTF-8 mapping file for font encoding PD1
) (C:\Users\aaron\AppData\Local\Programs\MiKTeX\tex/generic/intcalc\intcalc.sty
Package: intcalc 2019/12/15 v1.3 Expandable calculations with integers (HO)
) (C:\Users\aaron\AppData\Local\Programs\MiKTeX\tex/generic/etexcmds\etexcmds.sty
Package: etexcmds 2019/12/15 v1.7 Avoid name clashes with e-TeX commands (HO)
)
\Hy@SavedSpaceFactor=\count359
 (C:\Users\aaron\AppData\Local\Programs\MiKTeX\tex/latex/hyperref\puenc.def
File: puenc.def 2022-09-22 v7.00t Hyperref: PDF Unicode definition (HO)
Now handling font encoding PU ...
... no UTF-8 mapping file for font encoding PU
)
Package hyperref Info: Hyper figures OFF on input line 4162.
Package hyperref Info: Link nesting OFF on input line 4167.
Package hyperref Info: Hyper index ON on input line 4170.
Package hyperref Info: Plain pages OFF on input line 4177.
Package hyperref Info: Backreferencing OFF on input line 4182.
Package hyperref Info: Implicit mode ON; LaTeX internals redefined.
Package hyperref Info: Bookmarks ON on input line 4410.
\c@Hy@tempcnt=\count360
 (C:\Users\aaron\AppData\Local\Programs\MiKTeX\tex/latex/url\url.sty
\Urlmuskip=\muskip17
Package: url 2013/09/16  ver 3.4  Verb mode for urls, etc.
)
LaTeX Info: Redefining \url on input line 4748.
\XeTeXLinkMargin=\dimen336
 (C:\Users\aaron\AppData\Local\Programs\MiKTeX\tex/generic/bitset\bitset.sty
Package: bitset 2019/12/09 v1.3 Handle bit-vector datatype (HO)
 (C:\Users\aaron\AppData\Local\Programs\MiKTeX\tex/generic/bigintcalc\bigintcalc.sty
Package: bigintcalc 2019/12/15 v1.5 Expandable calculations on big integers (HO)
))
\Fld@menulength=\count361
\Field@Width=\dimen337
\Fld@charsize=\dimen338
Package hyperref Info: Hyper figures OFF on input line 6027.
Package hyperref Info: Link nesting OFF on input line 6032.
Package hyperref Info: Hyper index ON on input line 6035.
Package hyperref Info: backreferencing OFF on input line 6042.
Package hyperref Info: Link coloring OFF on input line 6047.
Package hyperref Info: Link coloring with OCG OFF on input line 6052.
Package hyperref Info: PDF/A mode OFF on input line 6057.
 (C:\Users\aaron\AppData\Local\Programs\MiKTeX\tex/latex/base\atbegshi-ltx.sty
Package: atbegshi-ltx 2021/01/10 v1.0c Emulation of the original atbegshi
package with kernel methods
)
\Hy@abspage=\count362
\c@Item=\count363
\c@Hfootnote=\count364
)
Package hyperref Info: Driver (autodetected): hpdftex.
 (C:\Users\aaron\AppData\Local\Programs\MiKTeX\tex/latex/hyperref\hpdftex.def
File: hpdftex.def 2022-09-22 v7.00t Hyperref driver for pdfTeX
 (C:\Users\aaron\AppData\Local\Programs\MiKTeX\tex/latex/base\atveryend-ltx.sty
Package: atveryend-ltx 2020/08/19 v1.0a Emulation of the original atveryend package
with kernel methods
)
\Fld@listcount=\count365
\c@bookmark@seq@number=\count366
 (C:\Users\aaron\AppData\Local\Programs\MiKTeX\tex/latex/rerunfilecheck\rerunfilecheck.sty
Package: rerunfilecheck 2022-07-10 v1.10 Rerun checks for auxiliary files (HO)
 (C:\Users\aaron\AppData\Local\Programs\MiKTeX\tex/generic/uniquecounter\uniquecounter.sty
Package: uniquecounter 2019/12/15 v1.4 Provide unlimited unique counter (HO)
)
Package uniquecounter Info: New unique counter `rerunfilecheck' on input line 285.
)
\Hy@SectionHShift=\skip256
) (C:\Users\aaron\AppData\Local\Programs\MiKTeX\tex/latex/memoir\memhfixc.sty
Package: memhfixc 2022/11/17 v1.20 nameref/hyperref package fixes for memoir class

Redoing nameref's sectioning
Redoing nameref's label
LaTeX Info: Redefining \nameref on input line 106.
\c@memhycontfloat=\count367
\c@Hpagenote=\count368
) (C:\Users\aaron\AppData\Local\Programs\MiKTeX\tex/latex/import\import.sty
Package: import 2020/04/01  v 6.2
) (C:\Users\aaron\AppData\Local\Programs\MiKTeX\tex/latex/base\latexsym.sty
Package: latexsym 1998/08/17 v2.2e Standard LaTeX package (lasy symbols)
\symlasy=\mathgroup6
LaTeX Font Info:    Overwriting symbol font `lasy' in version `bold'
(Font)                  U/lasy/m/n --> U/lasy/b/n on input line 52.
) (C:\Users\aaron\AppData\Local\Programs\MiKTeX\tex/latex/listings\listings.sty
\lst@mode=\count369
\lst@gtempboxa=\box75
\lst@token=\toks55
\lst@length=\count370
\lst@currlwidth=\dimen339
\lst@column=\count371
\lst@pos=\count372
\lst@lostspace=\dimen340
\lst@width=\dimen341
\lst@newlines=\count373
\lst@lineno=\count374
\lst@maxwidth=\dimen342
 (C:\Users\aaron\AppData\Local\Programs\MiKTeX\tex/latex/listings\lstmisc.sty
File: lstmisc.sty 2020/03/24 1.8d (Carsten Heinz)
\c@lstnumber=\count375
\lst@skipnumbers=\count376
\lst@framebox=\box76
) (C:\Users\aaron\AppData\Local\Programs\MiKTeX\tex/latex/listings\listings.cfg
File: listings.cfg 2020/03/24 1.8d listings configuration
))
Package: listings 2020/03/24 1.8d (Carsten Heinz)
 (C:\Users\aaron\AppData\Local\Programs\MiKTeX\tex/latex/lm\lmodern.sty
Package: lmodern 2015/05/01 v1.6.1 Latin Modern Fonts
LaTeX Font Info:    Overwriting symbol font `operators' in version `normal'
(Font)                  OT1/cmr/m/n --> OT1/lmr/m/n on input line 22.
LaTeX Font Info:    Overwriting symbol font `letters' in version `normal'
(Font)                  OML/cmm/m/it --> OML/lmm/m/it on input line 23.
LaTeX Font Info:    Overwriting symbol font `symbols' in version `normal'
(Font)                  OMS/cmsy/m/n --> OMS/lmsy/m/n on input line 24.
LaTeX Font Info:    Overwriting symbol font `largesymbols' in version `normal'
(Font)                  OMX/cmex/m/n --> OMX/lmex/m/n on input line 25.
LaTeX Font Info:    Overwriting symbol font `operators' in version `bold'
(Font)                  OT1/cmr/bx/n --> OT1/lmr/bx/n on input line 26.
LaTeX Font Info:    Overwriting symbol font `letters' in version `bold'
(Font)                  OML/cmm/b/it --> OML/lmm/b/it on input line 27.
LaTeX Font Info:    Overwriting symbol font `symbols' in version `bold'
(Font)                  OMS/cmsy/b/n --> OMS/lmsy/b/n on input line 28.
LaTeX Font Info:    Overwriting symbol font `largesymbols' in version `bold'
(Font)                  OMX/cmex/m/n --> OMX/lmex/m/n on input line 29.
LaTeX Font Info:    Overwriting math alphabet `\mathbf' in version `normal'
(Font)                  OT1/cmr/bx/n --> OT1/lmr/bx/n on input line 31.
LaTeX Font Info:    Overwriting math alphabet `\mathsf' in version `normal'
(Font)                  OT1/cmss/m/n --> OT1/lmss/m/n on input line 32.
LaTeX Font Info:    Overwriting math alphabet `\mathit' in version `normal'
(Font)                  OT1/cmr/m/it --> OT1/lmr/m/it on input line 33.
LaTeX Font Info:    Overwriting math alphabet `\mathtt' in version `normal'
(Font)                  OT1/cmtt/m/n --> OT1/lmtt/m/n on input line 34.
LaTeX Font Info:    Overwriting math alphabet `\mathbf' in version `bold'
(Font)                  OT1/cmr/bx/n --> OT1/lmr/bx/n on input line 35.
LaTeX Font Info:    Overwriting math alphabet `\mathsf' in version `bold'
(Font)                  OT1/cmss/bx/n --> OT1/lmss/bx/n on input line 36.
LaTeX Font Info:    Overwriting math alphabet `\mathit' in version `bold'
(Font)                  OT1/cmr/bx/it --> OT1/lmr/bx/it on input line 37.
LaTeX Font Info:    Overwriting math alphabet `\mathtt' in version `bold'
(Font)                  OT1/cmtt/m/n --> OT1/lmtt/m/n on input line 38.
) (C:\Users\aaron\AppData\Local\Programs\MiKTeX\tex/latex/mathtools\mathtools.sty
Package: mathtools 2022/06/29 v1.29 mathematical typesetting tools
 (C:\Users\aaron\AppData\Local\Programs\MiKTeX\tex/latex/mathtools\mhsetup.sty
Package: mhsetup 2021/03/18 v1.4 programming setup (MH)
)
\g_MT_multlinerow_int=\count377
\l_MT_multwidth_dim=\dimen343
\origjot=\skip257
\l_MT_shortvdotswithinadjustabove_dim=\dimen344
\l_MT_shortvdotswithinadjustbelow_dim=\dimen345
\l_MT_above_intertext_sep=\dimen346
\l_MT_below_intertext_sep=\dimen347
\l_MT_above_shortintertext_sep=\dimen348
\l_MT_below_shortintertext_sep=\dimen349
\xmathstrut@box=\box77
\xmathstrut@dim=\dimen350
) (C:\Users\aaron\AppData\Local\Programs\MiKTeX\tex/latex/minted\minted.sty
Package: minted 2021/12/24 v2.6 Yet another Pygments shim for LaTeX
 (C:\Users\aaron\AppData\Local\Programs\MiKTeX\tex/latex/fvextra\fvextra.sty
Package: fvextra 2019/02/04 v1.4 fvextra - extensions and patches for fancyvrb
 (C:\Users\aaron\AppData\Local\Programs\MiKTeX\tex/latex/fancyvrb\fancyvrb.sty
Package: fancyvrb 2022/06/06 4.5 verbatim text (tvz,hv)
\FV@CodeLineNo=\count378
\FV@InFile=\read4
\FV@TabBox=\box78
\c@FancyVerbLine=\count379
\FV@StepNumber=\count380
\FV@OutFile=\write5
) (C:\Users\aaron\AppData\Local\Programs\MiKTeX\tex/latex/upquote\upquote.sty
Package: upquote 2012/04/19 v1.3 upright-quote and grave-accent glyphs in verbatim
 (C:\Users\aaron\AppData\Local\Programs\MiKTeX\tex/latex/base\textcomp.sty
Package: textcomp 2020/02/02 v2.0n Standard LaTeX package
)) (C:\Users\aaron\AppData\Local\Programs\MiKTeX\tex/latex/lineno\lineno.sty
Package: lineno 2005/11/02 line numbers on paragraphs v4.41
\linenopenalty=\count381
\output=\toks56
\linenoprevgraf=\count382
\linenumbersep=\dimen351
\linenumberwidth=\dimen352
\c@linenumber=\count383
\c@pagewiselinenumber=\count384
\c@LN@truepage=\count385
\c@internallinenumber=\count386
\c@internallinenumbers=\count387
\quotelinenumbersep=\dimen353
\bframerule=\dimen354
\bframesep=\dimen355
\bframebox=\box79
LaTeX Info: Redefining \\ on input line 3056.
)
\c@FV@TrueTabGroupLevel=\count388
\c@FV@TrueTabCounter=\count389
\FV@TabBox@Group=\box80
\FV@TmpLength=\skip258
\c@FV@HighlightLinesStart=\count390
\c@FV@HighlightLinesStop=\count391
\FV@LoopCount=\count392
\FV@NCharsBox=\box81
\FV@BreakIndent=\dimen356
\FV@BreakIndentNChars=\count393
\FV@BreakSymbolSepLeft=\dimen357
\FV@BreakSymbolSepLeftNChars=\count394
\FV@BreakSymbolSepRight=\dimen358
\FV@BreakSymbolSepRightNChars=\count395
\FV@BreakSymbolIndentLeft=\dimen359
\FV@BreakSymbolIndentLeftNChars=\count396
\FV@BreakSymbolIndentRight=\dimen360
\FV@BreakSymbolIndentRightNChars=\count397
\c@FancyVerbLineBreakLast=\count398
\FV@LineBox=\box82
\FV@LineIndentBox=\box83
\FV@LineWidth=\dimen361
) (C:\Users\aaron\AppData\Local\Programs\MiKTeX\tex/latex/tools\shellesc.sty
Package: shellesc 2019/11/08 v1.0c unified shell escape interface for LaTeX
Package shellesc Info: Unrestricted shell escape enabled on input line 75.
) (C:\Users\aaron\AppData\Local\Programs\MiKTeX\tex/latex/ifplatform\ifplatform.sty
Package: ifplatform 2017/10/13 v0.4a Testing for the operating system
 (C:\Users\aaron\AppData\Local\Programs\MiKTeX\tex/generic/catchfile\catchfile.sty
Package: catchfile 2019/12/09 v1.8 Catch the contents of a file (HO)
) (C:\Users\aaron\AppData\Local\Programs\MiKTeX\tex/generic/iftex\ifluatex.sty
Package: ifluatex 2019/10/25 v1.5 ifluatex legacy package. Use iftex instead.
)) (C:\Users\aaron\AppData\Local\Programs\MiKTeX\tex/latex/xstring\xstring.sty (C:\Users\aaron\AppData\Local\Programs\MiKTeX\tex/generic/xstring\xstring.tex
\integerpart=\count399
\decimalpart=\count400
)
Package: xstring 2021/07/21 v1.84 String manipulations (CT)
)
\minted@appexistsfile=\read5
\minted@bgbox=\box84
\minted@code=\write6
\c@minted@FancyVerbLineTemp=\count401
\c@minted@pygmentizecounter=\count402
\@float@every@listing=\toks57
\c@listing=\count403
)
runsystem(if not exist _minted-cs61a-notes mkdir _minted-cs61a-notes)...executed.

 (C:\Users\aaron\AppData\Local\Programs\MiKTeX\tex/latex/tools\multicol.sty
Package: multicol 2021/11/30 v1.9d multicolumn formatting (FMi)
\c@tracingmulticols=\count404
\mult@box=\box85
\multicol@leftmargin=\dimen362
\c@unbalance=\count405
\c@collectmore=\count406
\doublecol@number=\count407
\multicoltolerance=\count408
\multicolpretolerance=\count409
\full@width=\dimen363
\page@free=\dimen364
\premulticols=\dimen365
\postmulticols=\dimen366
\multicolsep=\skip259
\multicolbaselineskip=\skip260
\partial@page=\box86
\last@line=\box87
\maxbalancingoverflow=\dimen367
\mult@rightbox=\box88
\mult@grightbox=\box89
\mult@firstbox=\box90
\mult@gfirstbox=\box91
\@tempa=\box92
\@tempa=\box93
\@tempa=\box94
\@tempa=\box95
\@tempa=\box96
\@tempa=\box97
\@tempa=\box98
\@tempa=\box99
\@tempa=\box100
\@tempa=\box101
\@tempa=\box102
\@tempa=\box103
\@tempa=\box104
\@tempa=\box105
\@tempa=\box106
\@tempa=\box107
\@tempa=\box108
\@tempa=\box109
\@tempa=\box110
\@tempa=\box111
\@tempa=\box112
\@tempa=\box113
\@tempa=\box114
\@tempa=\box115
\@tempa=\box116
\@tempa=\box117
\@tempa=\box118
\@tempa=\box119
\@tempa=\box120
\@tempa=\box121
\@tempa=\box122
\@tempa=\box123
\@tempa=\box124
\@tempa=\box125
\@tempa=\box126
\@tempa=\box127
\c@minrows=\count410
\c@columnbadness=\count411
\c@finalcolumnbadness=\count412
\last@try=\dimen368
\multicolovershoot=\dimen369
\multicolundershoot=\dimen370
\mult@nat@firstbox=\box128
\colbreak@box=\box129
\mc@col@check@num=\count413
) (C:\Users\aaron\AppData\Local\Programs\MiKTeX\tex/latex/paralist\paralist.sty
Package: paralist 2017/01/22 v2.7 Extended list environments
\pltopsep=\skip261
\plpartopsep=\skip262
\plitemsep=\skip263
\plparsep=\skip264
\pl@lab=\toks58
) (C:\Users\aaron\AppData\Local\Programs\MiKTeX\tex/latex/physics\physics.sty
Package: physics 
 (C:\Users\aaron\AppData\Local\Programs\MiKTeX\tex/latex/l3packages/xparse\xparse.sty (C:\Users\aaron\AppData\Local\Programs\MiKTeX\tex/latex/l3kernel\expl3.sty
Package: expl3 2022-10-26 L3 programming layer (loader) 
 (C:\Users\aaron\AppData\Local\Programs\MiKTeX\tex/latex/l3backend\l3backend-pdftex.def
File: l3backend-pdftex.def 2022-10-26 L3 backend support: PDF output (pdfTeX)
\l__color_backend_stack_int=\count414
\l__pdf_internal_box=\box130
))
Package: xparse 2022-06-22 L3 Experimental document command parser
)) (C:\Users\aaron\AppData\Local\Programs\MiKTeX\tex/latex/tools\xspace.sty
Package: xspace 2014/10/28 v1.13 Space after command names (DPC,MH)
) (C:\Users\aaron\AppData\Local\Programs\MiKTeX\tex/latex/tabu\tabu.sty
Package: tabu 2019/01/11 v2.9 - flexible LaTeX tabulars (FC+tabu-fixed)
 (C:\Users\aaron\AppData\Local\Programs\MiKTeX\tex/latex/varwidth\varwidth.sty
Package: varwidth 2009/03/30 ver 0.92;  Variable-width minipages
\@vwid@box=\box131
\sift@deathcycles=\count415
\@vwid@loff=\dimen371
\@vwid@roff=\dimen372
)
\c@taburow=\count416
\tabu@nbcols=\count417
\tabu@cnt=\count418
\tabu@Xcol=\count419
\tabu@alloc=\count420
\tabu@nested=\count421
\tabu@target=\dimen373
\tabu@spreadtarget=\dimen374
\tabu@naturalX=\dimen375
\tabucolX=\dimen376
\tabu@Xsum=\dimen377
\extrarowdepth=\dimen378
\abovetabulinesep=\dimen379
\belowtabulinesep=\dimen380
\tabustrutrule=\dimen381
\tabu@thebody=\toks59
\tabu@footnotes=\toks60
\tabu@box=\box132
\tabu@arstrutbox=\box133
\tabu@hleads=\box134
\tabu@vleads=\box135
\tabu@cellskip=\skip265
)) (C:\Users\aaron\AppData\Local\Programs\MiKTeX\tex/latex/geometry\geometry.sty
Package: geometry 2020/01/02 v5.9 Page Geometry
 (C:\Users\aaron\AppData\Local\Programs\MiKTeX\tex/generic/iftex\ifvtex.sty
Package: ifvtex 2019/10/25 v1.7 ifvtex legacy package. Use iftex instead.
)
\Gm@cnth=\count422
\Gm@cntv=\count423
\c@Gm@tempcnt=\count424
\Gm@bindingoffset=\dimen382
\Gm@wd@mp=\dimen383
\Gm@odd@mp=\dimen384
\Gm@even@mp=\dimen385
\Gm@layoutwidth=\dimen386
\Gm@layoutheight=\dimen387
\Gm@layouthoffset=\dimen388
\Gm@layoutvoffset=\dimen389
\Gm@dimlist=\toks61
 (C:\Users\aaron\AppData\Local\Programs\MiKTeX\tex/latex/geometry\geometry.cfg))
runsystem(for ^%i in (pygmentize.exe pygmentize.bat pygmentize.cmd) do set > cs61a-notes.aex <nul: /p x=^%~$PATH:i>> cs61a-notes.aex)...executed.

runsystem(del cs61a-notes.aex)...executed.

LaTeX Font Info:    Trying to load font information for T1+lmr on input line 5.
 (C:\Users\aaron\AppData\Local\Programs\MiKTeX\tex/latex/lm\t1lmr.fd
File: t1lmr.fd 2015/05/01 v1.6.1 Font defs for Latin Modern
)

LaTeX Warning: Unused global option(s):
    [margin].

(cs61a-notes.aux (lecture1.aux) (lecture2.aux) (lecture3.aux) (lecture4.aux) (lecture5.aux) (lecture6.aux) (lecture7.aux) (lecture8.aux) (lecture9.aux) (lecture10.aux) (lecture11.aux) (lecture12.aux) (lecture13.aux) (lecture14.aux) (lecture15.aux) (lecture16.aux) (lecture17.aux) (lecture18.aux) (lecture19.aux) (lecture20.aux) (lecture21.aux) (lecture22.aux) (lecture23.aux) (lecture24.aux) (lecture25.aux) (lecture26.aux))
\openout1 = `cs61a-notes.aux'.

LaTeX Font Info:    Checking defaults for OML/cmm/m/it on input line 5.
LaTeX Font Info:    ... okay on input line 5.
LaTeX Font Info:    Checking defaults for OMS/cmsy/m/n on input line 5.
LaTeX Font Info:    ... okay on input line 5.
LaTeX Font Info:    Checking defaults for OT1/cmr/m/n on input line 5.
LaTeX Font Info:    ... okay on input line 5.
LaTeX Font Info:    Checking defaults for T1/cmr/m/n on input line 5.
LaTeX Font Info:    ... okay on input line 5.
LaTeX Font Info:    Checking defaults for TS1/cmr/m/n on input line 5.
LaTeX Font Info:    ... okay on input line 5.
LaTeX Font Info:    Checking defaults for OMX/cmex/m/n on input line 5.
LaTeX Font Info:    ... okay on input line 5.
LaTeX Font Info:    Checking defaults for U/cmr/m/n on input line 5.
LaTeX Font Info:    ... okay on input line 5.
LaTeX Font Info:    Checking defaults for PD1/pdf/m/n on input line 5.
LaTeX Font Info:    ... okay on input line 5.
LaTeX Font Info:    Checking defaults for PU/pdf/m/n on input line 5.
LaTeX Font Info:    ... okay on input line 5.
LaTeX Info: Redefining \microtypecontext on input line 5.
Package microtype Info: Applying patch `item' on input line 5.
Package microtype Info: Applying patch `toc' on input line 5.
Package microtype Info: Applying patch `eqnum' on input line 5.
Package microtype Info: Applying patch `footnote' on input line 5.
Package microtype Info: Generating PDF output.
Package microtype Info: Character protrusion enabled (level 2).
Package microtype Info: Using default protrusion set `alltext'.
Package microtype Info: Automatic font expansion enabled (level 2),
(microtype)             stretch: 20, shrink: 20, step: 1, non-selected.
Package microtype Info: Using default expansion set `alltext-nott'.
LaTeX Info: Redefining \showhyphens on input line 5.
Package microtype Info: Tracking enabled.
Package microtype Info: Using default tracking set `smallcaps'.
Package microtype Info: Adjustment of interword spacing enabled.
Package microtype Info: Using default spacing set `alltext-nott'.
Package microtype Info: Adjustment of character kerning enabled.
Package microtype Info: Using default kerning set `alltext'.
 (C:\Users\aaron\AppData\Local\Programs\MiKTeX\tex/latex/microtype\mt-cmr.cfg
File: mt-cmr.cfg 2013/05/19 v2.2 microtype config. file: Computer Modern Roman (RS)
) (C:\Users\aaron\AppData\Local\Programs\MiKTeX\tex/context/base/mkii\supp-pdf.mkii
[Loading MPS to PDF converter (version 2006.09.02).]
\scratchcounter=\count425
\scratchdimen=\dimen390
\scratchbox=\box136
\nofMPsegments=\count426
\nofMParguments=\count427
\everyMPshowfont=\toks62
\MPscratchCnt=\count428
\MPscratchDim=\dimen391
\MPnumerator=\count429
\makeMPintoPDFobject=\count430
\everyMPtoPDFconversion=\toks63
) (C:\Users\aaron\AppData\Local\Programs\MiKTeX\tex/latex/epstopdf-pkg\epstopdf-base.sty
Package: epstopdf-base 2020-01-24 v2.11 Base part for package epstopdf
Package epstopdf-base Info: Redefining graphics rule for `.eps' on input line 485.
 (C:\Users\aaron\AppData\Local\Programs\MiKTeX\tex/latex/00miktex\epstopdf-sys.cfg
File: epstopdf-sys.cfg 2021/03/18 v2.0 Configuration of epstopdf for MiKTeX
)) (C:\Users\aaron\AppData\Local\Programs\MiKTeX\tex/latex/pdflscape\pdflscape.sty
Package: pdflscape 2022-10-27 v0.13 Display of landscape pages in PDF
 (C:\Users\aaron\AppData\Local\Programs\MiKTeX\tex/latex/pdflscape\pdflscape-nometadata.sty
Package: pdflscape-nometadata 2022-10-28 v0.13 Display of landscape pages in PDF (HO)
 (C:\Users\aaron\AppData\Local\Programs\MiKTeX\tex/latex/graphics\lscape.sty
Package: lscape 2020/05/28 v3.02 Landscape Pages (DPC)
)
Package pdflscape Info: Auto-detected driver: pdftex on input line 81.
))
Package hyperref Info: Link coloring OFF on input line 5.
 (cs61a-notes.out) (cs61a-notes.out)
\@outlinefile=\write7
\openout7 = `cs61a-notes.out'.

\c@lstlisting=\count431

*geometry* driver: auto-detecting
*geometry* detected driver: pdftex
*geometry* verbose mode - [ preamble ] result:
* driver: pdftex
* paper: <default>
* layout: <same size as paper>
* layoutoffset:(h,v)=(0.0pt,0.0pt)
* modes: 
* h-part:(L,W,R)=(72.26999pt, 469.75502pt, 72.26999pt)
* v-part:(T,H,B)=(72.26999pt, 650.43001pt, 72.26999pt)
* \paperwidth=614.295pt
* \paperheight=794.96999pt
* \textwidth=469.75502pt
* \textheight=650.43001pt
* \oddsidemargin=0.0pt
* \evensidemargin=0.0pt
* \topmargin=-30.06749pt
* \headheight=12.0pt
* \headsep=18.06749pt
* \topskip=10.0pt
* \footskip=25.29494pt
* \marginparwidth=71.0pt
* \marginparsep=7.0pt
* \columnsep=10.0pt
* \skip\footins=12.0pt plus 4.0pt minus 4.0pt
* \hoffset=0.0pt
* \voffset=0.0pt
* \mag=1000
* \@twocolumnfalse
* \@twosidefalse
* \@mparswitchfalse
* \@reversemarginfalse
* (1in=72.27pt=25.4mm, 1cm=28.453pt)

LaTeX Font Info:    Trying to load font information for OT1+lmr on input line 7.
(C:\Users\aaron\AppData\Local\Programs\MiKTeX\tex/latex/lm\ot1lmr.fd
File: ot1lmr.fd 2015/05/01 v1.6.1 Font defs for Latin Modern
)
LaTeX Font Info:    Trying to load font information for OML+lmm on input line 7.
 (C:\Users\aaron\AppData\Local\Programs\MiKTeX\tex/latex/lm\omllmm.fd
File: omllmm.fd 2015/05/01 v1.6.1 Font defs for Latin Modern
)
LaTeX Font Info:    Trying to load font information for OMS+lmsy on input line 7.
 (C:\Users\aaron\AppData\Local\Programs\MiKTeX\tex/latex/lm\omslmsy.fd
File: omslmsy.fd 2015/05/01 v1.6.1 Font defs for Latin Modern
)
LaTeX Font Info:    Trying to load font information for OMX+lmex on input line 7.
 (C:\Users\aaron\AppData\Local\Programs\MiKTeX\tex/latex/lm\omxlmex.fd
File: omxlmex.fd 2015/05/01 v1.6.1 Font defs for Latin Modern
)
LaTeX Font Info:    External font `lmex10' loaded for size
(Font)              <10.95> on input line 7.
LaTeX Font Info:    External font `lmex10' loaded for size
(Font)              <8> on input line 7.
LaTeX Font Info:    External font `lmex10' loaded for size
(Font)              <6> on input line 7.
LaTeX Font Info:    Trying to load font information for U+msa on input line 7.
 (C:\Users\aaron\AppData\Local\Programs\MiKTeX\tex/latex/amsfonts\umsa.fd
File: umsa.fd 2013/01/14 v3.01 AMS symbols A
) (C:\Users\aaron\AppData\Local\Programs\MiKTeX\tex/latex/microtype\mt-msa.cfg
File: mt-msa.cfg 2006/02/04 v1.1 microtype config. file: AMS symbols (a) (RS)
)
LaTeX Font Info:    Trying to load font information for U+msb on input line 7.
 (C:\Users\aaron\AppData\Local\Programs\MiKTeX\tex/latex/amsfonts\umsb.fd
File: umsb.fd 2013/01/14 v3.01 AMS symbols B
) (C:\Users\aaron\AppData\Local\Programs\MiKTeX\tex/latex/microtype\mt-msb.cfg
File: mt-msb.cfg 2005/06/01 v1.0 microtype config. file: AMS symbols (b) (RS)
)
LaTeX Font Info:    Trying to load font information for U+lasy on input line 7.
 (C:\Users\aaron\AppData\Local\Programs\MiKTeX\tex/latex/base\ulasy.fd
File: ulasy.fd 1998/08/17 v2.2e LaTeX symbol font definitions
) (cs61a-notes.toc
LaTeX Font Info:    External font `lmex10' loaded for size
(Font)              <10> on input line 1.
LaTeX Font Info:    External font `lmex10' loaded for size
(Font)              <7> on input line 1.
LaTeX Font Info:    External font `lmex10' loaded for size
(Font)              <5> on input line 1.
 [1

{C:/Users/aaron/AppData/Local/MiKTeX/fonts/map/pdftex/pdftex.map}]) [2]
\openout2 = `lecture1.aux'.

 (lecture1.tex
<figures/environment_diagram.png, id=384, 744.98325pt x 173.448pt>
File: figures/environment_diagram.png Graphic file (type png)
<use figures/environment_diagram.png>
Package pdftex.def Info: figures/environment_diagram.png  used on input line 24.
(pdftex.def)             Requested size: 469.75502pt x 109.37073pt.
 [3

 <./figures/environment_diagram.png>]
<figures/compound_statement.png, id=393, 342.078pt x 241.50224pt>
File: figures/compound_statement.png Graphic file (type png)
<use figures/compound_statement.png>
Package pdftex.def Info: figures/compound_statement.png  used on input line 65.
(pdftex.def)             Requested size: 234.8775pt x 165.826pt.
) [4 <./figures/compound_statement.png>]
\openout2 = `lecture2.aux'.

 (lecture2.tex [5



]) [6]
\openout2 = `lecture3.aux'.

 (lecture3.tex
<figures/env_diagram_list.png, id=421, 233.07076pt x 75.28125pt>
File: figures/env_diagram_list.png Graphic file (type png)
<use figures/env_diagram_list.png>
Package pdftex.def Info: figures/env_diagram_list.png  used on input line 10.
(pdftex.def)             Requested size: 234.8775pt x 75.86688pt.
 [7



 <./figures/env_diagram_list.png>]) [8]
\openout2 = `lecture4.aux'.

 (lecture4.tex
<figures/data_abstraction.png, id=437, 763.05075pt x 349.90726pt>
File: figures/data_abstraction.png Graphic file (type png)
<use figures/data_abstraction.png>
Package pdftex.def Info: figures/data_abstraction.png  used on input line 11.
(pdftex.def)             Requested size: 469.75502pt x 215.41325pt.
) [9



 <./figures/data_abstraction.png>]
\openout2 = `lecture5.aux'.

 (lecture5.tex) [10



]
\openout2 = `lecture6.aux'.

 (lecture6.tex) [11



]
\openout2 = `lecture7.aux'.

 (lecture7.tex
\openout5 = `cs61a-notes.pyg'.

 (_minted-cs61a-notes/vs.pygstyle) (_minted-cs61a-notes/3A52A1CE3EF951E6EDCF420A1AC3655BBB89EFEE48D1D992FBE9B211B94686FF.pygtex
LaTeX Font Info:    Trying to load font information for T1+lmtt on input line 1.
 (C:\Users\aaron\AppData\Local\Programs\MiKTeX\tex/latex/lm\t1lmtt.fd
File: t1lmtt.fd 2015/05/01 v1.6.1 Font defs for Latin Modern
)
Package microtype Info: Loading generic protrusion settings for font family
(microtype)             `lmtt' (encoding: T1).
(microtype)             For optimal results, create family-specific settings.
(microtype)             See the microtype manual for details.
)
\openout5 = `cs61a-notes.pyg'.

 (_minted-cs61a-notes/AF42B3EC7F590828B50BEF7962E48D61BB89EFEE48D1D992FBE9B211B94686FF.pygtex)
\openout5 = `cs61a-notes.pyg'.

 (_minted-cs61a-notes/1E10999C847B97339C2B1A3286ECDD6BBB89EFEE48D1D992FBE9B211B94686FF.pygtex) [12



]) [13]
\openout2 = `lecture8.aux'.

 (lecture8.tex
<figures/linked_list_example.png, id=466, 757.02824pt x 289.08pt>
File: figures/linked_list_example.png Graphic file (type png)
<use figures/linked_list_example.png>
Package pdftex.def Info: figures/linked_list_example.png  used on input line 9.
(pdftex.def)             Requested size: 469.75502pt x 179.38654pt.
\openout5 = `cs61a-notes.pyg'.

 (_minted-cs61a-notes/182B1803DD3546CC0111DB3B26AEBE41BB89EFEE48D1D992FBE9B211B94686FF.pygtex)
\openout5 = `cs61a-notes.pyg'.

 (_minted-cs61a-notes/D8671A60EACF535A7CB154DE7936DDA4BB89EFEE48D1D992FBE9B211B94686FF.pygtex [14



 <./figures/linked_list_example.png>])
<figures/modular_design_example.png, id=473, 732.336pt x 296.307pt>
File: figures/modular_design_example.png Graphic file (type png)
<use figures/modular_design_example.png>
Package pdftex.def Info: figures/modular_design_example.png  used on input line 70.
(pdftex.def)             Requested size: 469.75502pt x 190.06987pt.
) [15 <./figures/modular_design_example.png>]
\openout2 = `lecture9.aux'.

 (lecture9.tex
\openout5 = `cs61a-notes.pyg'.

 (_minted-cs61a-notes/41191A2F5BC5E55B2B7B4150E26205F1BB89EFEE48D1D992FBE9B211B94686FF.pygtex) [16



]) [17]
\openout2 = `lecture10.aux'.

 (lecture10.tex
<figures/lists_in_lists_env_diagram.png, id=492, 760.0395pt x 360.1455pt>
File: figures/lists_in_lists_env_diagram.png Graphic file (type png)
<use figures/lists_in_lists_env_diagram.png>
Package pdftex.def Info: figures/lists_in_lists_env_diagram.png  used on input line 6.
(pdftex.def)             Requested size: 469.75502pt x 222.59547pt.
) [18



 <./figures/lists_in_lists_env_diagram.png>]
\openout2 = `lecture11.aux'.

 (lecture11.tex
\openout5 = `cs61a-notes.pyg'.

 (_minted-cs61a-notes/A5181A47DBF0412D75EDD196C3F24AAE32F7BE16F09B5BD7A571B4B0303FB063.pygtex)
\openout5 = `cs61a-notes.pyg'.

 (_minted-cs61a-notes/DAFA9540216B05D34E48F14C8F17D04832F7BE16F09B5BD7A571B4B0303FB063.pygtex)
\openout5 = `cs61a-notes.pyg'.

 (_minted-cs61a-notes/E88C3163B4DE39463D8E33DA8BEF825A32F7BE16F09B5BD7A571B4B0303FB063.pygtex)
\openout5 = `cs61a-notes.pyg'.

 (_minted-cs61a-notes/12AFD189F6DF8F5DFEF9C4F6F39210CE32F7BE16F09B5BD7A571B4B0303FB063.pygtex) [19



]
\openout5 = `cs61a-notes.pyg'.

 (_minted-cs61a-notes/D6003AE4F8333743A0218231B15ED3A632F7BE16F09B5BD7A571B4B0303FB063.pygtex
LaTeX Font Info:    Trying to load font information for TS1+lmtt on input line 4.
 (C:\Users\aaron\AppData\Local\Programs\MiKTeX\tex/latex/lm\ts1lmtt.fd
File: ts1lmtt.fd 2015/05/01 v1.6.1 Font defs for Latin Modern
)
Package microtype Info: Loading generic protrusion settings for font family
(microtype)             `lmtt' (encoding: TS1).
(microtype)             For optimal results, create family-specific settings.
(microtype)             See the microtype manual for details.
Package microtype Info: Character `texttrademark ' is missing
(microtype)             in font `TS1/lmtt/m/n/10'.
(microtype)             Ignoring protrusion settings for this character.
)) [20]
\openout2 = `lecture12.aux'.

 (lecture12.tex
\openout5 = `cs61a-notes.pyg'.

 (_minted-cs61a-notes/CE5CFC67B41D608BECD67DEB1B355A48BB89EFEE48D1D992FBE9B211B94686FF.pygtex)
\openout5 = `cs61a-notes.pyg'.

 (_minted-cs61a-notes/E15EEE95334772701BF0EFC8047B5EB3BB89EFEE48D1D992FBE9B211B94686FF.pygtex)) [21



]
\openout2 = `lecture13.aux'.

 (lecture13.tex
<figures/structure_of_an_interpreter.png, id=516, 585.98924pt x 358.941pt>
File: figures/structure_of_an_interpreter.png Graphic file (type png)
<use figures/structure_of_an_interpreter.png>
Package pdftex.def Info: figures/structure_of_an_interpreter.png  used on input line 29.
(pdftex.def)             Requested size: 375.80544pt x 230.19794pt.
) [22



 <./figures/structure_of_an_interpreter.png>]
\openout2 = `lecture14.aux'.

 (lecture14.tex
\openout5 = `cs61a-notes.pyg'.

 (_minted-cs61a-notes/33F3DBA18645F8AC3A52C93A26DF917E32F7BE16F09B5BD7A571B4B0303FB063.pygtex)
\openout5 = `cs61a-notes.pyg'.

 (_minted-cs61a-notes/20F3CC242473C361D29BFED6AB29581332F7BE16F09B5BD7A571B4B0303FB063.pygtex)
\openout5 = `cs61a-notes.pyg'.

 (_minted-cs61a-notes/A3C73686C68592A71F080D86D44D02BF32F7BE16F09B5BD7A571B4B0303FB063.pygtex)) [23



]
\openout2 = `lecture15.aux'.

 (lecture15.tex
\openout5 = `cs61a-notes.pyg'.

 (_minted-cs61a-notes/BB5C45A79D8D6DC8879D3FC78B26D1955AD8079E04F0E315FBBBF18FAA7751AE.pygtex)
\openout5 = `cs61a-notes.pyg'.

 (_minted-cs61a-notes/C00DCF57D9D5D1C14C9D3810F0F594BE5AD8079E04F0E315FBBBF18FAA7751AE.pygtex)
\openout5 = `cs61a-notes.pyg'.

 (_minted-cs61a-notes/50E2173D0FF20C713D72B7D27A7461A75AD8079E04F0E315FBBBF18FAA7751AE.pygtex)
\openout5 = `cs61a-notes.pyg'.

 (_minted-cs61a-notes/C4BD7B685408978620DD44F5F633BFBC5AD8079E04F0E315FBBBF18FAA7751AE.pygtex)
\openout5 = `cs61a-notes.pyg'.

 (_minted-cs61a-notes/5D7C181C66735024091A8E5F4076DF1B5AD8079E04F0E315FBBBF18FAA7751AE.pygtex)
\openout5 = `cs61a-notes.pyg'.

 (_minted-cs61a-notes/41810291786D8CFDA7B68EF2C6C359315AD8079E04F0E315FBBBF18FAA7751AE.pygtex) [24



]
\openout5 = `cs61a-notes.pyg'.

 (_minted-cs61a-notes/A98D85A1E435591132CC5F77984870EC5AD8079E04F0E315FBBBF18FAA7751AE.pygtex)) [25]
\openout2 = `lecture16.aux'.


No file lecture16.tex.
\openout2 = `lecture17.aux'.

No file lecture17.tex.
\openout2 = `lecture18.aux'.

No file lecture18.tex.
\openout2 = `lecture19.aux'.

No file lecture19.tex.
\openout2 = `lecture20.aux'.

No file lecture20.tex.
\openout2 = `lecture21.aux'.

No file lecture21.tex.
\openout2 = `lecture22.aux'.

No file lecture22.tex.
\openout2 = `lecture23.aux'.

No file lecture23.tex.
\openout2 = `lecture24.aux'.

No file lecture24.tex.
\openout2 = `lecture25.aux'.

No file lecture25.tex.
\openout2 = `lecture26.aux'.

No file lecture26.tex.
\tf@toc=\write8
\openout8 = `cs61a-notes.toc'.

(cs61a-notes.aux (lecture1.aux) (lecture2.aux) (lecture3.aux) (lecture4.aux) (lecture5.aux) (lecture6.aux) (lecture7.aux) (lecture8.aux) (lecture9.aux) (lecture10.aux) (lecture11.aux) (lecture12.aux) (lecture13.aux) (lecture14.aux) (lecture15.aux) (lecture16.aux) (lecture17.aux) (lecture18.aux) (lecture19.aux) (lecture20.aux) (lecture21.aux) (lecture22.aux) (lecture23.aux) (lecture24.aux) (lecture25.aux) (lecture26.aux))
Package rerunfilecheck Info: File `cs61a-notes.out' has not changed.
(rerunfilecheck)             Checksum: 974F3C546EA43DD4A3F4E0C149561338;8903.
runsystem(del cs61a-notes.pyg)...executed.

 ) 
Here is how much of TeX's memory you used:
 50564 strings out of 475380
 1133074 string characters out of 2776771
 1797105 words of memory out of 3000000
 70852 multiletter control sequences out of 15000+600000
 524483 words of font info for 113 fonts, out of 8000000 for 9000
 1141 hyphenation exceptions out of 8191
 114i,12n,108p,1078b,793s stack positions out of 10000i,1000n,20000p,200000b,80000s
{C:/Users/aaron/AppData/Local/Programs/MiKTeX/fonts/enc/dvips/lm/lm-ts1.enc}{C:/Users/aaron/AppData/Local/Programs/MiKTeX/fonts/enc/dvips/lm/lm-rm.enc}{C:/Users/aaron/AppData/Local/Programs/MiKTeX/fonts/enc/dvips/lm/lm-mathit.enc}{C:/Users/aaron/AppData/Local/Programs/MiKTeX/fonts/enc/dvips/lm/lm-ec.enc}<C:/Users/aaron/AppData/Local/Programs/MiKTeX/fonts/type1/public/lm/lmbx10.pfb><C:/Users/aaron/AppData/Local/Programs/MiKTeX/fonts/type1/public/lm/lmbx12.pfb><C:/Users/aaron/AppData/Local/Programs/MiKTeX/fonts/type1/public/lm/lmmi10.pfb><C:/Users/aaron/AppData/Local/Programs/MiKTeX/fonts/type1/public/lm/lmmi7.pfb><C:/Users/aaron/AppData/Local/Programs/MiKTeX/fonts/type1/public/lm/lmr10.pfb><C:/Users/aaron/AppData/Local/Programs/MiKTeX/fonts/type1/public/lm/lmr7.pfb><C:/Users/aaron/AppData/Local/Programs/MiKTeX/fonts/type1/public/lm/lmri10.pfb><C:/Users/aaron/AppData/Local/Programs/MiKTeX/fonts/type1/public/lm/lmtt10.pfb>
Output written on cs61a-notes.pdf (25 pages, 714346 bytes).
PDF statistics:
 607 PDF objects out of 1000 (max. 8388607)
 132 named destinations out of 1000 (max. 500000)
 30333 words of extra memory for PDF output out of 35830 (max. 10000000)

